<?xml version="1.0" encoding="UTF-8"?>
<robot generator="Robot 6.1.1 (Python 3.13.2 on win32)" generated="20250310 16:32:38.994" rpa="false" schemaversion="4">
<suite id="s1" name="Radio" source="C:\Users\weber\OneDrive\Área de Trabalho\QAx\projects\yodapp-robot\tests\radio.robot">
<test id="s1-t1" name="Deve selecionar sua linguagem de programação favorita" line="6">
<kw name="Start session" library="base">
<kw name="Open Application" library="AppiumLibrary">
<arg>http://localhost:4723</arg>
<arg>platformName=Android</arg>
<arg>deviceName=Android Emulator</arg>
<arg>automationName=UIAutomator2</arg>
<arg>app=${EXECDIR}/app/yodapp-beta.apk</arg>
<arg>udid=emulator-5554</arg>
<arg>autoGrantPermissions=true</arg>
<doc>Opens a new application to given Appium server.
Capabilities of appium server, Android and iOS,
Please check https://appium.io/docs/en/2.1/cli/args/
| *Option*            | *Man.* | *Description*     |
| remote_url          | Yes    | Appium server url |
| alias               | no     | alias             |
| strict_ssl          | No     | allows you to send commands to an invalid certificate host like a self-signed one. |</doc>
<status status="PASS" starttime="20250310 16:32:39.181" endtime="20250310 16:32:48.665"/>
</kw>
<status status="PASS" starttime="20250310 16:32:39.180" endtime="20250310 16:32:48.665"/>
</kw>
<kw name="Get started" library="base">
<kw name="Wait Until Page Contains" library="AppiumLibrary">
<arg>${START}</arg>
<arg>5</arg>
<doc>Waits until `text` appears on current page.</doc>
<status status="PASS" starttime="20250310 16:32:48.665" endtime="20250310 16:32:54.054"/>
</kw>
<kw name="Click Text" library="AppiumLibrary">
<arg>${START}</arg>
<doc>Click text identified by ``text``.</doc>
<msg timestamp="20250310 16:32:54.606" level="INFO">xpath criteria: //*[contains(@text,"QAX")]</msg>
<status status="PASS" starttime="20250310 16:32:54.054" endtime="20250310 16:32:54.606"/>
</kw>
<status status="PASS" starttime="20250310 16:32:48.665" endtime="20250310 16:32:54.606"/>
</kw>
<kw name="Navigate to" library="base">
<arg>Check e Radio</arg>
<kw name="Set Variable" library="BuiltIn">
<var>${hamburger}</var>
<arg>xpath=//android.widget.ImageButton[@content-desc="Open navigation drawer"]</arg>
<doc>Returns the given values which can then be assigned to a variables.</doc>
<msg timestamp="20250310 16:32:54.607" level="INFO">${hamburger} = xpath=//android.widget.ImageButton[@content-desc="Open navigation drawer"]</msg>
<status status="PASS" starttime="20250310 16:32:54.607" endtime="20250310 16:32:54.607"/>
</kw>
<kw name="Wait Until Element Is Visible" library="AppiumLibrary">
<arg>${hamburger}</arg>
<arg>5</arg>
<doc>Waits until element specified with `locator` is visible.</doc>
<msg timestamp="20250310 16:32:55.721" level="INFO">xpath criteria: //android.widget.ImageButton[@content-desc="Open navigation drawer"]</msg>
<status status="PASS" starttime="20250310 16:32:54.607" endtime="20250310 16:32:55.721"/>
</kw>
<kw name="Click Element" library="AppiumLibrary">
<arg>${hamburger}</arg>
<doc>Click element identified by `locator`.</doc>
<msg timestamp="20250310 16:32:55.722" level="INFO">Clicking element 'xpath=//android.widget.ImageButton[@content-desc="Open navigation drawer"]'.</msg>
<msg timestamp="20250310 16:32:55.843" level="INFO">xpath criteria: //android.widget.ImageButton[@content-desc="Open navigation drawer"]</msg>
<status status="PASS" starttime="20250310 16:32:55.721" endtime="20250310 16:32:55.843"/>
</kw>
<kw name="Set Variable" library="BuiltIn">
<var>${menu_item}</var>
<arg>xpath=//*[@resource-id="com.qaxperience.yodapp:id/navView"]//*[@text="${item_text}"]</arg>
<doc>Returns the given values which can then be assigned to a variables.</doc>
<msg timestamp="20250310 16:32:55.843" level="INFO">${menu_item} = xpath=//*[@resource-id="com.qaxperience.yodapp:id/navView"]//*[@text="Check e Radio"]</msg>
<status status="PASS" starttime="20250310 16:32:55.843" endtime="20250310 16:32:55.843"/>
</kw>
<kw name="Wait Until Element Is Visible" library="AppiumLibrary">
<arg>${menu_item}</arg>
<doc>Waits until element specified with `locator` is visible.</doc>
<msg timestamp="20250310 16:32:56.753" level="INFO">xpath criteria: //*[@resource-id="com.qaxperience.yodapp:id/navView"]//*[@text="Check e Radio"]</msg>
<status status="PASS" starttime="20250310 16:32:55.843" endtime="20250310 16:32:56.753"/>
</kw>
<kw name="Click Element" library="AppiumLibrary">
<arg>${menu_item}</arg>
<doc>Click element identified by `locator`.</doc>
<msg timestamp="20250310 16:32:56.754" level="INFO">Clicking element 'xpath=//*[@resource-id="com.qaxperience.yodapp:id/navView"]//*[@text="Check e Radio"]'.</msg>
<msg timestamp="20250310 16:32:57.815" level="INFO">xpath criteria: //*[@resource-id="com.qaxperience.yodapp:id/navView"]//*[@text="Check e Radio"]</msg>
<status status="PASS" starttime="20250310 16:32:56.753" endtime="20250310 16:32:57.815"/>
</kw>
<status status="PASS" starttime="20250310 16:32:54.607" endtime="20250310 16:32:57.815"/>
</kw>
<kw name="Go to item" library="base">
<arg>Botões de radio</arg>
<arg>Escolha sua linguagem preferida</arg>
<kw name="Wait Until Page Contains" library="AppiumLibrary">
<arg>${item}</arg>
<arg>5</arg>
<doc>Waits until `text` appears on current page.</doc>
<status status="PASS" starttime="20250310 16:32:57.816" endtime="20250310 16:32:57.852"/>
</kw>
<kw name="Click Text" library="AppiumLibrary">
<arg>${item}</arg>
<doc>Click text identified by ``text``.</doc>
<msg timestamp="20250310 16:32:57.955" level="INFO">xpath criteria: //*[contains(@text,"Botões de radio")]</msg>
<status status="PASS" starttime="20250310 16:32:57.852" endtime="20250310 16:32:57.955"/>
</kw>
<kw name="Wait Until Page Contains" library="AppiumLibrary">
<arg>${checkpoint}</arg>
<arg>5</arg>
<doc>Waits until `text` appears on current page.</doc>
<status status="PASS" starttime="20250310 16:32:57.955" endtime="20250310 16:32:59.435"/>
</kw>
<status status="PASS" starttime="20250310 16:32:57.816" endtime="20250310 16:32:59.435"/>
</kw>
<kw name="Click Element" library="AppiumLibrary">
<arg>xpath=//android.widget.RadioButton[contains(@text, "Javascript")]</arg>
<doc>Click element identified by `locator`.</doc>
<msg timestamp="20250310 16:32:59.437" level="INFO">Clicking element 'xpath=//android.widget.RadioButton[contains(@text, "Javascript")]'.</msg>
<msg timestamp="20250310 16:32:59.556" level="INFO">xpath criteria: //android.widget.RadioButton[contains(@text, "Javascript")]</msg>
<status status="PASS" starttime="20250310 16:32:59.436" endtime="20250310 16:32:59.556"/>
</kw>
<kw name="Sleep" library="BuiltIn">
<arg>2</arg>
<doc>Pauses the test executed for the given time.</doc>
<msg timestamp="20250310 16:33:01.557" level="INFO">Slept 2 seconds</msg>
<status status="PASS" starttime="20250310 16:32:59.556" endtime="20250310 16:33:01.557"/>
</kw>
<kw name="Close session" library="base">
<kw name="Close Application" library="AppiumLibrary">
<doc>Closes the current application and also close webdriver session.</doc>
<status status="PASS" starttime="20250310 16:33:01.558" endtime="20250310 16:33:01.893"/>
</kw>
<status status="PASS" starttime="20250310 16:33:01.558" endtime="20250310 16:33:01.893"/>
</kw>
<status status="PASS" starttime="20250310 16:32:39.180" endtime="20250310 16:33:01.893"/>
</test>
<status status="PASS" starttime="20250310 16:32:38.995" endtime="20250310 16:33:01.894"/>
</suite>
<statistics>
<total>
<stat pass="1" fail="0" skip="0">All Tests</stat>
</total>
<tag>
</tag>
<suite>
<stat pass="1" fail="0" skip="0" id="s1" name="Radio">Radio</stat>
</suite>
</statistics>
<errors>
</errors>
</robot>
