<?xml version="1.0" encoding="UTF-8"?>
<robot generator="Robot 6.1.1 (Python 3.13.2 on win32)" generated="20250310 16:54:49.251" rpa="false" schemaversion="4">
<suite id="s1" name="Tests" source="C:\Users\weber\OneDrive\Área de Trabalho\QAx\projects\yodapp-robot\tests">
<suite id="s1-s1" name="Checkbox" source="C:\Users\weber\OneDrive\Área de Trabalho\QAx\projects\yodapp-robot\tests\checkbox.robot">
<test id="s1-s1-t1" name="Deve marcar as techs que usam Appium" line="6">
<kw name="Start session" library="base">
<kw name="Open Application" library="AppiumLibrary">
<arg>http://localhost:4723</arg>
<arg>platformName=Android</arg>
<arg>deviceName=Android Emulator</arg>
<arg>automationName=UIAutomator2</arg>
<arg>app=${EXECDIR}/app/yodapp-beta.apk</arg>
<arg>udid=emulator-5554</arg>
<arg>autoGrantPermissions=true</arg>
<doc>Opens a new application to given Appium server.
Capabilities of appium server, Android and iOS,
Please check https://appium.io/docs/en/2.1/cli/args/
| *Option*            | *Man.* | *Description*     |
| remote_url          | Yes    | Appium server url |
| alias               | no     | alias             |
| strict_ssl          | No     | allows you to send commands to an invalid certificate host like a self-signed one. |</doc>
<status status="PASS" starttime="20250310 16:54:49.440" endtime="20250310 16:54:57.808"/>
</kw>
<status status="PASS" starttime="20250310 16:54:49.440" endtime="20250310 16:54:57.808"/>
</kw>
<kw name="Get started" library="base">
<kw name="Wait Until Page Contains" library="AppiumLibrary">
<arg>${START}</arg>
<arg>5</arg>
<doc>Waits until `text` appears on current page.</doc>
<status status="PASS" starttime="20250310 16:54:57.808" endtime="20250310 16:55:03.157"/>
</kw>
<kw name="Click Text" library="AppiumLibrary">
<arg>${START}</arg>
<doc>Click text identified by ``text``.</doc>
<msg timestamp="20250310 16:55:03.723" level="INFO">xpath criteria: //*[contains(@text,"QAX")]</msg>
<status status="PASS" starttime="20250310 16:55:03.157" endtime="20250310 16:55:03.724"/>
</kw>
<status status="PASS" starttime="20250310 16:54:57.808" endtime="20250310 16:55:03.724"/>
</kw>
<kw name="Navigate to" library="base">
<arg>Check e Radio</arg>
<kw name="Set Variable" library="BuiltIn">
<var>${hamburger}</var>
<arg>xpath=//android.widget.ImageButton[@content-desc="Open navigation drawer"]</arg>
<doc>Returns the given values which can then be assigned to a variables.</doc>
<msg timestamp="20250310 16:55:03.724" level="INFO">${hamburger} = xpath=//android.widget.ImageButton[@content-desc="Open navigation drawer"]</msg>
<status status="PASS" starttime="20250310 16:55:03.724" endtime="20250310 16:55:03.724"/>
</kw>
<kw name="Wait Until Element Is Visible" library="AppiumLibrary">
<arg>${hamburger}</arg>
<arg>5</arg>
<doc>Waits until element specified with `locator` is visible.</doc>
<msg timestamp="20250310 16:55:04.886" level="INFO">xpath criteria: //android.widget.ImageButton[@content-desc="Open navigation drawer"]</msg>
<status status="PASS" starttime="20250310 16:55:03.724" endtime="20250310 16:55:04.886"/>
</kw>
<kw name="Click Element" library="AppiumLibrary">
<arg>${hamburger}</arg>
<doc>Click element identified by `locator`.</doc>
<msg timestamp="20250310 16:55:04.887" level="INFO">Clicking element 'xpath=//android.widget.ImageButton[@content-desc="Open navigation drawer"]'.</msg>
<msg timestamp="20250310 16:55:05.010" level="INFO">xpath criteria: //android.widget.ImageButton[@content-desc="Open navigation drawer"]</msg>
<status status="PASS" starttime="20250310 16:55:04.886" endtime="20250310 16:55:05.010"/>
</kw>
<kw name="Set Variable" library="BuiltIn">
<var>${menu_item}</var>
<arg>xpath=//*[@resource-id="com.qaxperience.yodapp:id/navView"]//*[@text="${item_text}"]</arg>
<doc>Returns the given values which can then be assigned to a variables.</doc>
<msg timestamp="20250310 16:55:05.010" level="INFO">${menu_item} = xpath=//*[@resource-id="com.qaxperience.yodapp:id/navView"]//*[@text="Check e Radio"]</msg>
<status status="PASS" starttime="20250310 16:55:05.010" endtime="20250310 16:55:05.011"/>
</kw>
<kw name="Wait Until Element Is Visible" library="AppiumLibrary">
<arg>${menu_item}</arg>
<doc>Waits until element specified with `locator` is visible.</doc>
<msg timestamp="20250310 16:55:05.998" level="INFO">xpath criteria: //*[@resource-id="com.qaxperience.yodapp:id/navView"]//*[@text="Check e Radio"]</msg>
<status status="PASS" starttime="20250310 16:55:05.011" endtime="20250310 16:55:05.999"/>
</kw>
<kw name="Click Element" library="AppiumLibrary">
<arg>${menu_item}</arg>
<doc>Click element identified by `locator`.</doc>
<msg timestamp="20250310 16:55:05.999" level="INFO">Clicking element 'xpath=//*[@resource-id="com.qaxperience.yodapp:id/navView"]//*[@text="Check e Radio"]'.</msg>
<msg timestamp="20250310 16:55:07.050" level="INFO">xpath criteria: //*[@resource-id="com.qaxperience.yodapp:id/navView"]//*[@text="Check e Radio"]</msg>
<status status="PASS" starttime="20250310 16:55:05.999" endtime="20250310 16:55:07.051"/>
</kw>
<status status="PASS" starttime="20250310 16:55:03.724" endtime="20250310 16:55:07.051"/>
</kw>
<kw name="Go to item" library="base">
<arg>Checkbox</arg>
<arg>Marque as techs que usam Appium</arg>
<kw name="Wait Until Page Contains" library="AppiumLibrary">
<arg>${item}</arg>
<arg>5</arg>
<doc>Waits until `text` appears on current page.</doc>
<status status="PASS" starttime="20250310 16:55:07.051" endtime="20250310 16:55:07.081"/>
</kw>
<kw name="Click Text" library="AppiumLibrary">
<arg>${item}</arg>
<doc>Click text identified by ``text``.</doc>
<msg timestamp="20250310 16:55:07.189" level="INFO">xpath criteria: //*[contains(@text,"Checkbox")]</msg>
<status status="PASS" starttime="20250310 16:55:07.081" endtime="20250310 16:55:07.189"/>
</kw>
<kw name="Wait Until Page Contains" library="AppiumLibrary">
<arg>${checkpoint}</arg>
<arg>5</arg>
<doc>Waits until `text` appears on current page.</doc>
<status status="PASS" starttime="20250310 16:55:07.189" endtime="20250310 16:55:08.718"/>
</kw>
<status status="PASS" starttime="20250310 16:55:07.051" endtime="20250310 16:55:08.718"/>
</kw>
<kw name="Create List" library="BuiltIn">
<var>@{techs}</var>
<arg>Ruby</arg>
<arg>Python</arg>
<arg>Java</arg>
<arg>Javascript</arg>
<arg>C#</arg>
<arg>Robot Framework</arg>
<doc>Returns a list containing given items.</doc>
<msg timestamp="20250310 16:55:08.719" level="INFO">@{techs} = [ Ruby | Python | Java | Javascript | C# | Robot Framework ]</msg>
<status status="PASS" starttime="20250310 16:55:08.719" endtime="20250310 16:55:08.719"/>
</kw>
<for flavor="IN">
<var>${tech}</var>
<value>@{techs}</value>
<iter>
<var name="${tech}">Ruby</var>
<kw name="Click Element" library="AppiumLibrary">
<arg>xpath=//android.widget.CheckBox[contains(@text, "${tech}")]</arg>
<doc>Click element identified by `locator`.</doc>
<msg timestamp="20250310 16:55:08.720" level="INFO">Clicking element 'xpath=//android.widget.CheckBox[contains(@text, "Ruby")]'.</msg>
<msg timestamp="20250310 16:55:08.840" level="INFO">xpath criteria: //android.widget.CheckBox[contains(@text, "Ruby")]</msg>
<status status="PASS" starttime="20250310 16:55:08.719" endtime="20250310 16:55:08.840"/>
</kw>
<kw name="Sleep" library="BuiltIn">
<arg>2</arg>
<doc>Pauses the test executed for the given time.</doc>
<msg timestamp="20250310 16:55:10.841" level="INFO">Slept 2 seconds</msg>
<status status="PASS" starttime="20250310 16:55:08.840" endtime="20250310 16:55:10.841"/>
</kw>
<status status="PASS" starttime="20250310 16:55:08.719" endtime="20250310 16:55:10.841"/>
</iter>
<iter>
<var name="${tech}">Python</var>
<kw name="Click Element" library="AppiumLibrary">
<arg>xpath=//android.widget.CheckBox[contains(@text, "${tech}")]</arg>
<doc>Click element identified by `locator`.</doc>
<msg timestamp="20250310 16:55:10.842" level="INFO">Clicking element 'xpath=//android.widget.CheckBox[contains(@text, "Python")]'.</msg>
<msg timestamp="20250310 16:55:10.958" level="INFO">xpath criteria: //android.widget.CheckBox[contains(@text, "Python")]</msg>
<status status="PASS" starttime="20250310 16:55:10.841" endtime="20250310 16:55:10.958"/>
</kw>
<kw name="Sleep" library="BuiltIn">
<arg>2</arg>
<doc>Pauses the test executed for the given time.</doc>
<msg timestamp="20250310 16:55:12.959" level="INFO">Slept 2 seconds</msg>
<status status="PASS" starttime="20250310 16:55:10.958" endtime="20250310 16:55:12.959"/>
</kw>
<status status="PASS" starttime="20250310 16:55:10.841" endtime="20250310 16:55:12.959"/>
</iter>
<iter>
<var name="${tech}">Java</var>
<kw name="Click Element" library="AppiumLibrary">
<arg>xpath=//android.widget.CheckBox[contains(@text, "${tech}")]</arg>
<doc>Click element identified by `locator`.</doc>
<msg timestamp="20250310 16:55:12.960" level="INFO">Clicking element 'xpath=//android.widget.CheckBox[contains(@text, "Java")]'.</msg>
<msg timestamp="20250310 16:55:13.071" level="INFO">xpath criteria: //android.widget.CheckBox[contains(@text, "Java")]</msg>
<status status="PASS" starttime="20250310 16:55:12.959" endtime="20250310 16:55:13.071"/>
</kw>
<kw name="Sleep" library="BuiltIn">
<arg>2</arg>
<doc>Pauses the test executed for the given time.</doc>
<msg timestamp="20250310 16:55:15.072" level="INFO">Slept 2 seconds</msg>
<status status="PASS" starttime="20250310 16:55:13.071" endtime="20250310 16:55:15.072"/>
</kw>
<status status="PASS" starttime="20250310 16:55:12.959" endtime="20250310 16:55:15.072"/>
</iter>
<iter>
<var name="${tech}">Javascript</var>
<kw name="Click Element" library="AppiumLibrary">
<arg>xpath=//android.widget.CheckBox[contains(@text, "${tech}")]</arg>
<doc>Click element identified by `locator`.</doc>
<msg timestamp="20250310 16:55:15.073" level="INFO">Clicking element 'xpath=//android.widget.CheckBox[contains(@text, "Javascript")]'.</msg>
<msg timestamp="20250310 16:55:15.343" level="INFO">xpath criteria: //android.widget.CheckBox[contains(@text, "Javascript")]</msg>
<status status="PASS" starttime="20250310 16:55:15.072" endtime="20250310 16:55:15.344"/>
</kw>
<kw name="Sleep" library="BuiltIn">
<arg>2</arg>
<doc>Pauses the test executed for the given time.</doc>
<msg timestamp="20250310 16:55:17.344" level="INFO">Slept 2 seconds</msg>
<status status="PASS" starttime="20250310 16:55:15.344" endtime="20250310 16:55:17.344"/>
</kw>
<status status="PASS" starttime="20250310 16:55:15.072" endtime="20250310 16:55:17.345"/>
</iter>
<iter>
<var name="${tech}">C#</var>
<kw name="Click Element" library="AppiumLibrary">
<arg>xpath=//android.widget.CheckBox[contains(@text, "${tech}")]</arg>
<doc>Click element identified by `locator`.</doc>
<msg timestamp="20250310 16:55:17.346" level="INFO">Clicking element 'xpath=//android.widget.CheckBox[contains(@text, "C#")]'.</msg>
<msg timestamp="20250310 16:55:17.473" level="INFO">xpath criteria: //android.widget.CheckBox[contains(@text, "C#")]</msg>
<status status="PASS" starttime="20250310 16:55:17.345" endtime="20250310 16:55:17.473"/>
</kw>
<kw name="Sleep" library="BuiltIn">
<arg>2</arg>
<doc>Pauses the test executed for the given time.</doc>
<msg timestamp="20250310 16:55:19.474" level="INFO">Slept 2 seconds</msg>
<status status="PASS" starttime="20250310 16:55:17.473" endtime="20250310 16:55:19.474"/>
</kw>
<status status="PASS" starttime="20250310 16:55:17.345" endtime="20250310 16:55:19.474"/>
</iter>
<iter>
<var name="${tech}">Robot Framework</var>
<kw name="Click Element" library="AppiumLibrary">
<arg>xpath=//android.widget.CheckBox[contains(@text, "${tech}")]</arg>
<doc>Click element identified by `locator`.</doc>
<msg timestamp="20250310 16:55:19.475" level="INFO">Clicking element 'xpath=//android.widget.CheckBox[contains(@text, "Robot Framework")]'.</msg>
<msg timestamp="20250310 16:55:19.590" level="INFO">xpath criteria: //android.widget.CheckBox[contains(@text, "Robot Framework")]</msg>
<status status="PASS" starttime="20250310 16:55:19.474" endtime="20250310 16:55:19.590"/>
</kw>
<kw name="Sleep" library="BuiltIn">
<arg>2</arg>
<doc>Pauses the test executed for the given time.</doc>
<msg timestamp="20250310 16:55:21.590" level="INFO">Slept 2 seconds</msg>
<status status="PASS" starttime="20250310 16:55:19.590" endtime="20250310 16:55:21.590"/>
</kw>
<status status="PASS" starttime="20250310 16:55:19.474" endtime="20250310 16:55:21.590"/>
</iter>
<status status="PASS" starttime="20250310 16:55:08.719" endtime="20250310 16:55:21.590"/>
</for>
<kw name="Sleep" library="BuiltIn">
<arg>2</arg>
<doc>Pauses the test executed for the given time.</doc>
<msg timestamp="20250310 16:55:23.592" level="INFO">Slept 2 seconds</msg>
<status status="PASS" starttime="20250310 16:55:21.591" endtime="20250310 16:55:23.592"/>
</kw>
<kw name="Close session" library="base">
<kw name="Close Application" library="AppiumLibrary">
<doc>Closes the current application and also close webdriver session.</doc>
<status status="PASS" starttime="20250310 16:55:23.593" endtime="20250310 16:55:23.827"/>
</kw>
<status status="PASS" starttime="20250310 16:55:23.593" endtime="20250310 16:55:23.827"/>
</kw>
<status status="PASS" starttime="20250310 16:54:49.439" endtime="20250310 16:55:23.827"/>
</test>
<status status="PASS" starttime="20250310 16:54:49.275" endtime="20250310 16:55:23.828"/>
</suite>
<suite id="s1-s2" name="Click" source="C:\Users\weber\OneDrive\Área de Trabalho\QAx\projects\yodapp-robot\tests\click.robot">
<test id="s1-s2-t1" name="Deve realizar um click simples" line="6">
<kw name="Start session" library="base">
<kw name="Open Application" library="AppiumLibrary">
<arg>http://localhost:4723</arg>
<arg>platformName=Android</arg>
<arg>deviceName=Android Emulator</arg>
<arg>automationName=UIAutomator2</arg>
<arg>app=${EXECDIR}/app/yodapp-beta.apk</arg>
<arg>udid=emulator-5554</arg>
<arg>autoGrantPermissions=true</arg>
<doc>Opens a new application to given Appium server.
Capabilities of appium server, Android and iOS,
Please check https://appium.io/docs/en/2.1/cli/args/
| *Option*            | *Man.* | *Description*     |
| remote_url          | Yes    | Appium server url |
| alias               | no     | alias             |
| strict_ssl          | No     | allows you to send commands to an invalid certificate host like a self-signed one. |</doc>
<status status="PASS" starttime="20250310 16:55:23.831" endtime="20250310 16:55:32.116"/>
</kw>
<status status="PASS" starttime="20250310 16:55:23.831" endtime="20250310 16:55:32.116"/>
</kw>
<kw name="Get started" library="base">
<kw name="Wait Until Page Contains" library="AppiumLibrary">
<arg>${START}</arg>
<arg>5</arg>
<doc>Waits until `text` appears on current page.</doc>
<status status="PASS" starttime="20250310 16:55:32.116" endtime="20250310 16:55:37.491"/>
</kw>
<kw name="Click Text" library="AppiumLibrary">
<arg>${START}</arg>
<doc>Click text identified by ``text``.</doc>
<msg timestamp="20250310 16:55:38.054" level="INFO">xpath criteria: //*[contains(@text,"QAX")]</msg>
<status status="PASS" starttime="20250310 16:55:37.491" endtime="20250310 16:55:38.054"/>
</kw>
<status status="PASS" starttime="20250310 16:55:32.116" endtime="20250310 16:55:38.055"/>
</kw>
<kw name="Navigate to" library="base">
<arg>Clique em Botões</arg>
<kw name="Set Variable" library="BuiltIn">
<var>${hamburger}</var>
<arg>xpath=//android.widget.ImageButton[@content-desc="Open navigation drawer"]</arg>
<doc>Returns the given values which can then be assigned to a variables.</doc>
<msg timestamp="20250310 16:55:38.055" level="INFO">${hamburger} = xpath=//android.widget.ImageButton[@content-desc="Open navigation drawer"]</msg>
<status status="PASS" starttime="20250310 16:55:38.055" endtime="20250310 16:55:38.056"/>
</kw>
<kw name="Wait Until Element Is Visible" library="AppiumLibrary">
<arg>${hamburger}</arg>
<arg>5</arg>
<doc>Waits until element specified with `locator` is visible.</doc>
<msg timestamp="20250310 16:55:39.224" level="INFO">xpath criteria: //android.widget.ImageButton[@content-desc="Open navigation drawer"]</msg>
<status status="PASS" starttime="20250310 16:55:38.056" endtime="20250310 16:55:39.224"/>
</kw>
<kw name="Click Element" library="AppiumLibrary">
<arg>${hamburger}</arg>
<doc>Click element identified by `locator`.</doc>
<msg timestamp="20250310 16:55:39.225" level="INFO">Clicking element 'xpath=//android.widget.ImageButton[@content-desc="Open navigation drawer"]'.</msg>
<msg timestamp="20250310 16:55:39.343" level="INFO">xpath criteria: //android.widget.ImageButton[@content-desc="Open navigation drawer"]</msg>
<status status="PASS" starttime="20250310 16:55:39.224" endtime="20250310 16:55:39.343"/>
</kw>
<kw name="Set Variable" library="BuiltIn">
<var>${menu_item}</var>
<arg>xpath=//*[@resource-id="com.qaxperience.yodapp:id/navView"]//*[@text="${item_text}"]</arg>
<doc>Returns the given values which can then be assigned to a variables.</doc>
<msg timestamp="20250310 16:55:39.344" level="INFO">${menu_item} = xpath=//*[@resource-id="com.qaxperience.yodapp:id/navView"]//*[@text="Clique em Botões"]</msg>
<status status="PASS" starttime="20250310 16:55:39.344" endtime="20250310 16:55:39.344"/>
</kw>
<kw name="Wait Until Element Is Visible" library="AppiumLibrary">
<arg>${menu_item}</arg>
<doc>Waits until element specified with `locator` is visible.</doc>
<msg timestamp="20250310 16:55:40.338" level="INFO">xpath criteria: //*[@resource-id="com.qaxperience.yodapp:id/navView"]//*[@text="Clique em Botões"]</msg>
<status status="PASS" starttime="20250310 16:55:39.344" endtime="20250310 16:55:40.338"/>
</kw>
<kw name="Click Element" library="AppiumLibrary">
<arg>${menu_item}</arg>
<doc>Click element identified by `locator`.</doc>
<msg timestamp="20250310 16:55:40.339" level="INFO">Clicking element 'xpath=//*[@resource-id="com.qaxperience.yodapp:id/navView"]//*[@text="Clique em Botões"]'.</msg>
<msg timestamp="20250310 16:55:40.489" level="INFO">xpath criteria: //*[@resource-id="com.qaxperience.yodapp:id/navView"]//*[@text="Clique em Botões"]</msg>
<status status="PASS" starttime="20250310 16:55:40.338" endtime="20250310 16:55:40.489"/>
</kw>
<status status="PASS" starttime="20250310 16:55:38.055" endtime="20250310 16:55:40.489"/>
</kw>
<kw name="Go to item" library="base">
<arg>Clique simples</arg>
<arg>Botão clique simples</arg>
<kw name="Wait Until Page Contains" library="AppiumLibrary">
<arg>${item}</arg>
<arg>5</arg>
<doc>Waits until `text` appears on current page.</doc>
<status status="PASS" starttime="20250310 16:55:40.490" endtime="20250310 16:55:40.912"/>
</kw>
<kw name="Click Text" library="AppiumLibrary">
<arg>${item}</arg>
<doc>Click text identified by ``text``.</doc>
<msg timestamp="20250310 16:55:42.867" level="INFO">xpath criteria: //*[contains(@text,"Clique simples")]</msg>
<status status="PASS" starttime="20250310 16:55:40.912" endtime="20250310 16:55:42.867"/>
</kw>
<kw name="Wait Until Page Contains" library="AppiumLibrary">
<arg>${checkpoint}</arg>
<arg>5</arg>
<doc>Waits until `text` appears on current page.</doc>
<status status="PASS" starttime="20250310 16:55:42.867" endtime="20250310 16:55:42.887"/>
</kw>
<status status="PASS" starttime="20250310 16:55:40.489" endtime="20250310 16:55:42.888"/>
</kw>
<kw name="Click Text" library="AppiumLibrary">
<arg>CLIQUE SIMPLES</arg>
<doc>Click text identified by ``text``.</doc>
<msg timestamp="20250310 16:55:43.480" level="INFO">xpath criteria: //*[contains(@text,"CLIQUE SIMPLES")]</msg>
<status status="PASS" starttime="20250310 16:55:42.888" endtime="20250310 16:55:43.481"/>
</kw>
<kw name="Wait Until Page Contains" library="AppiumLibrary">
<arg>Isso é um clique simples</arg>
<doc>Waits until `text` appears on current page.</doc>
<status status="PASS" starttime="20250310 16:55:43.481" endtime="20250310 16:55:43.505"/>
</kw>
<kw name="Close session" library="base">
<kw name="Close Application" library="AppiumLibrary">
<doc>Closes the current application and also close webdriver session.</doc>
<status status="PASS" starttime="20250310 16:55:43.506" endtime="20250310 16:55:43.758"/>
</kw>
<status status="PASS" starttime="20250310 16:55:43.505" endtime="20250310 16:55:43.758"/>
</kw>
<status status="PASS" starttime="20250310 16:55:23.831" endtime="20250310 16:55:43.758"/>
</test>
<test id="s1-s2-t2" name="Deve realizar um click longo" line="20">
<kw name="Start session" library="base">
<kw name="Open Application" library="AppiumLibrary">
<arg>http://localhost:4723</arg>
<arg>platformName=Android</arg>
<arg>deviceName=Android Emulator</arg>
<arg>automationName=UIAutomator2</arg>
<arg>app=${EXECDIR}/app/yodapp-beta.apk</arg>
<arg>udid=emulator-5554</arg>
<arg>autoGrantPermissions=true</arg>
<doc>Opens a new application to given Appium server.
Capabilities of appium server, Android and iOS,
Please check https://appium.io/docs/en/2.1/cli/args/
| *Option*            | *Man.* | *Description*     |
| remote_url          | Yes    | Appium server url |
| alias               | no     | alias             |
| strict_ssl          | No     | allows you to send commands to an invalid certificate host like a self-signed one. |</doc>
<status status="PASS" starttime="20250310 16:55:43.759" endtime="20250310 16:55:52.061"/>
</kw>
<status status="PASS" starttime="20250310 16:55:43.759" endtime="20250310 16:55:52.061"/>
</kw>
<kw name="Get started" library="base">
<kw name="Wait Until Page Contains" library="AppiumLibrary">
<arg>${START}</arg>
<arg>5</arg>
<doc>Waits until `text` appears on current page.</doc>
<status status="PASS" starttime="20250310 16:55:52.062" endtime="20250310 16:55:57.404"/>
</kw>
<kw name="Click Text" library="AppiumLibrary">
<arg>${START}</arg>
<doc>Click text identified by ``text``.</doc>
<msg timestamp="20250310 16:55:57.955" level="INFO">xpath criteria: //*[contains(@text,"QAX")]</msg>
<status status="PASS" starttime="20250310 16:55:57.404" endtime="20250310 16:55:57.955"/>
</kw>
<status status="PASS" starttime="20250310 16:55:52.062" endtime="20250310 16:55:57.955"/>
</kw>
<kw name="Navigate to" library="base">
<arg>Clique em Botões</arg>
<kw name="Set Variable" library="BuiltIn">
<var>${hamburger}</var>
<arg>xpath=//android.widget.ImageButton[@content-desc="Open navigation drawer"]</arg>
<doc>Returns the given values which can then be assigned to a variables.</doc>
<msg timestamp="20250310 16:55:57.956" level="INFO">${hamburger} = xpath=//android.widget.ImageButton[@content-desc="Open navigation drawer"]</msg>
<status status="PASS" starttime="20250310 16:55:57.956" endtime="20250310 16:55:57.956"/>
</kw>
<kw name="Wait Until Element Is Visible" library="AppiumLibrary">
<arg>${hamburger}</arg>
<arg>5</arg>
<doc>Waits until element specified with `locator` is visible.</doc>
<msg timestamp="20250310 16:55:59.111" level="INFO">xpath criteria: //android.widget.ImageButton[@content-desc="Open navigation drawer"]
xpath criteria: //android.widget.ImageButton[@content-desc="Open navigation drawer"]</msg>
<status status="PASS" starttime="20250310 16:55:57.956" endtime="20250310 16:55:59.111"/>
</kw>
<kw name="Click Element" library="AppiumLibrary">
<arg>${hamburger}</arg>
<doc>Click element identified by `locator`.</doc>
<msg timestamp="20250310 16:55:59.112" level="INFO">Clicking element 'xpath=//android.widget.ImageButton[@content-desc="Open navigation drawer"]'.</msg>
<msg timestamp="20250310 16:55:59.223" level="INFO">xpath criteria: //android.widget.ImageButton[@content-desc="Open navigation drawer"]</msg>
<status status="PASS" starttime="20250310 16:55:59.111" endtime="20250310 16:55:59.223"/>
</kw>
<kw name="Set Variable" library="BuiltIn">
<var>${menu_item}</var>
<arg>xpath=//*[@resource-id="com.qaxperience.yodapp:id/navView"]//*[@text="${item_text}"]</arg>
<doc>Returns the given values which can then be assigned to a variables.</doc>
<msg timestamp="20250310 16:55:59.224" level="INFO">${menu_item} = xpath=//*[@resource-id="com.qaxperience.yodapp:id/navView"]//*[@text="Clique em Botões"]</msg>
<status status="PASS" starttime="20250310 16:55:59.223" endtime="20250310 16:55:59.224"/>
</kw>
<kw name="Wait Until Element Is Visible" library="AppiumLibrary">
<arg>${menu_item}</arg>
<doc>Waits until element specified with `locator` is visible.</doc>
<msg timestamp="20250310 16:56:00.135" level="INFO">xpath criteria: //*[@resource-id="com.qaxperience.yodapp:id/navView"]//*[@text="Clique em Botões"]</msg>
<status status="PASS" starttime="20250310 16:55:59.224" endtime="20250310 16:56:00.136"/>
</kw>
<kw name="Click Element" library="AppiumLibrary">
<arg>${menu_item}</arg>
<doc>Click element identified by `locator`.</doc>
<msg timestamp="20250310 16:56:00.136" level="INFO">Clicking element 'xpath=//*[@resource-id="com.qaxperience.yodapp:id/navView"]//*[@text="Clique em Botões"]'.</msg>
<msg timestamp="20250310 16:56:01.548" level="INFO">xpath criteria: //*[@resource-id="com.qaxperience.yodapp:id/navView"]//*[@text="Clique em Botões"]</msg>
<status status="PASS" starttime="20250310 16:56:00.136" endtime="20250310 16:56:01.548"/>
</kw>
<status status="PASS" starttime="20250310 16:55:57.956" endtime="20250310 16:56:01.548"/>
</kw>
<kw name="Go to item" library="base">
<arg>Clique longo</arg>
<arg>Botão clique longo</arg>
<kw name="Wait Until Page Contains" library="AppiumLibrary">
<arg>${item}</arg>
<arg>5</arg>
<doc>Waits until `text` appears on current page.</doc>
<status status="PASS" starttime="20250310 16:56:01.549" endtime="20250310 16:56:01.574"/>
</kw>
<kw name="Click Text" library="AppiumLibrary">
<arg>${item}</arg>
<doc>Click text identified by ``text``.</doc>
<msg timestamp="20250310 16:56:03.083" level="INFO">xpath criteria: //*[contains(@text,"Clique longo")]</msg>
<status status="PASS" starttime="20250310 16:56:01.574" endtime="20250310 16:56:03.083"/>
</kw>
<kw name="Wait Until Page Contains" library="AppiumLibrary">
<arg>${checkpoint}</arg>
<arg>5</arg>
<doc>Waits until `text` appears on current page.</doc>
<status status="PASS" starttime="20250310 16:56:03.083" endtime="20250310 16:56:03.104"/>
</kw>
<status status="PASS" starttime="20250310 16:56:01.548" endtime="20250310 16:56:03.104"/>
</kw>
<kw name="Set Variable" library="BuiltIn">
<var>${locator}</var>
<arg>id=com.qaxperience.yodapp:id/long_click</arg>
<doc>Returns the given values which can then be assigned to a variables.</doc>
<msg timestamp="20250310 16:56:03.105" level="INFO">${locator} = id=com.qaxperience.yodapp:id/long_click</msg>
<status status="PASS" starttime="20250310 16:56:03.104" endtime="20250310 16:56:03.105"/>
</kw>
<kw name="Get Element Location" library="AppiumLibrary">
<var>${positions}</var>
<arg>${locator}</arg>
<doc>Get element location</doc>
<msg timestamp="20250310 16:56:03.143" level="INFO">Element 'id=com.qaxperience.yodapp:id/long_click' location: {'x': 116, 'y': 1242} </msg>
<msg timestamp="20250310 16:56:03.144" level="INFO">criteria is com.qaxperience.yodapp:id/long_click</msg>
<msg timestamp="20250310 16:56:03.144" level="INFO">${positions} = {'x': 116, 'y': 1242}</msg>
<status status="PASS" starttime="20250310 16:56:03.105" endtime="20250310 16:56:03.144"/>
</kw>
<kw name="Tap With Positions" library="AppiumLibrary">
<arg>1000</arg>
<arg>${${positions}[x], ${positions}[y]}</arg>
<doc>Taps on a particular place with up to five fingers, holding for a
certain time</doc>
<status status="PASS" starttime="20250310 16:56:03.144" endtime="20250310 16:56:04.447"/>
</kw>
<kw name="Wait Until Page Contains" library="AppiumLibrary">
<arg>Isso é um clique longo</arg>
<doc>Waits until `text` appears on current page.</doc>
<status status="PASS" starttime="20250310 16:56:04.447" endtime="20250310 16:56:04.470"/>
</kw>
<kw name="Close session" library="base">
<kw name="Close Application" library="AppiumLibrary">
<doc>Closes the current application and also close webdriver session.</doc>
<status status="PASS" starttime="20250310 16:56:04.471" endtime="20250310 16:56:04.710"/>
</kw>
<status status="PASS" starttime="20250310 16:56:04.471" endtime="20250310 16:56:04.710"/>
</kw>
<tag>long</tag>
<status status="PASS" starttime="20250310 16:55:43.759" endtime="20250310 16:56:04.710"/>
</test>
<status status="PASS" starttime="20250310 16:55:23.829" endtime="20250310 16:56:04.711"/>
</suite>
<suite id="s1-s3" name="Home" source="C:\Users\weber\OneDrive\Área de Trabalho\QAx\projects\yodapp-robot\tests\home.robot">
<test id="s1-s3-t1" name="Deve abrir a tela principal" line="7">
<kw name="Open Application" library="AppiumLibrary">
<arg>http://localhost:4723</arg>
<arg>platformName=Android</arg>
<arg>deviceName=Android Emulator</arg>
<arg>automationName=UIAutomator2</arg>
<arg>app=${EXECDIR}/app/yodapp-beta.apk</arg>
<arg>udid=emulator-5554</arg>
<arg>autoGrantPermissions=true</arg>
<doc>Opens a new application to given Appium server.
Capabilities of appium server, Android and iOS,
Please check https://appium.io/docs/en/2.1/cli/args/
| *Option*            | *Man.* | *Description*     |
| remote_url          | Yes    | Appium server url |
| alias               | no     | alias             |
| strict_ssl          | No     | allows you to send commands to an invalid certificate host like a self-signed one. |</doc>
<status status="PASS" starttime="20250310 16:56:04.714" endtime="20250310 16:56:12.989"/>
</kw>
<kw name="Wait Until Page Contains" library="AppiumLibrary">
<arg>yodapp</arg>
<doc>Waits until `text` appears on current page.</doc>
<status status="PASS" starttime="20250310 16:56:12.989" endtime="20250310 16:56:13.891"/>
</kw>
<kw name="Wait Until Page Contains" library="AppiumLibrary">
<arg>Mobile Training</arg>
<doc>Waits until `text` appears on current page.</doc>
<status status="PASS" starttime="20250310 16:56:13.891" endtime="20250310 16:56:18.390"/>
</kw>
<kw name="Wait Until Page Contains" library="AppiumLibrary">
<arg>by Papito</arg>
<doc>Waits until `text` appears on current page.</doc>
<status status="PASS" starttime="20250310 16:56:18.390" endtime="20250310 16:56:18.411"/>
</kw>
<kw name="Close Application" library="AppiumLibrary">
<doc>Closes the current application and also close webdriver session.</doc>
<status status="PASS" starttime="20250310 16:56:18.411" endtime="20250310 16:56:18.719"/>
</kw>
<status status="PASS" starttime="20250310 16:56:04.714" endtime="20250310 16:56:18.719"/>
</test>
<status status="PASS" starttime="20250310 16:56:04.712" endtime="20250310 16:56:18.720"/>
</suite>
<suite id="s1-s4" name="Login" source="C:\Users\weber\OneDrive\Área de Trabalho\QAx\projects\yodapp-robot\tests\login.robot">
<test id="s1-s4-t1" name="Deve Logar com sucesso" line="6">
<kw name="Start session" library="base">
<kw name="Open Application" library="AppiumLibrary">
<arg>http://localhost:4723</arg>
<arg>platformName=Android</arg>
<arg>deviceName=Android Emulator</arg>
<arg>automationName=UIAutomator2</arg>
<arg>app=${EXECDIR}/app/yodapp-beta.apk</arg>
<arg>udid=emulator-5554</arg>
<arg>autoGrantPermissions=true</arg>
<doc>Opens a new application to given Appium server.
Capabilities of appium server, Android and iOS,
Please check https://appium.io/docs/en/2.1/cli/args/
| *Option*            | *Man.* | *Description*     |
| remote_url          | Yes    | Appium server url |
| alias               | no     | alias             |
| strict_ssl          | No     | allows you to send commands to an invalid certificate host like a self-signed one. |</doc>
<status status="PASS" starttime="20250310 16:56:18.723" endtime="20250310 16:56:25.950"/>
</kw>
<status status="PASS" starttime="20250310 16:56:18.723" endtime="20250310 16:56:25.950"/>
</kw>
<kw name="Get started" library="base">
<kw name="Wait Until Page Contains" library="AppiumLibrary">
<arg>${START}</arg>
<arg>5</arg>
<doc>Waits until `text` appears on current page.</doc>
<status status="PASS" starttime="20250310 16:56:25.950" endtime="20250310 16:56:31.343"/>
</kw>
<kw name="Click Text" library="AppiumLibrary">
<arg>${START}</arg>
<doc>Click text identified by ``text``.</doc>
<msg timestamp="20250310 16:56:31.923" level="INFO">xpath criteria: //*[contains(@text,"QAX")]</msg>
<status status="PASS" starttime="20250310 16:56:31.343" endtime="20250310 16:56:31.923"/>
</kw>
<status status="PASS" starttime="20250310 16:56:25.950" endtime="20250310 16:56:31.923"/>
</kw>
<kw name="Navigate to" library="base">
<arg>Formulários</arg>
<kw name="Set Variable" library="BuiltIn">
<var>${hamburger}</var>
<arg>xpath=//android.widget.ImageButton[@content-desc="Open navigation drawer"]</arg>
<doc>Returns the given values which can then be assigned to a variables.</doc>
<msg timestamp="20250310 16:56:31.924" level="INFO">${hamburger} = xpath=//android.widget.ImageButton[@content-desc="Open navigation drawer"]</msg>
<status status="PASS" starttime="20250310 16:56:31.924" endtime="20250310 16:56:31.924"/>
</kw>
<kw name="Wait Until Element Is Visible" library="AppiumLibrary">
<arg>${hamburger}</arg>
<arg>5</arg>
<doc>Waits until element specified with `locator` is visible.</doc>
<msg timestamp="20250310 16:56:33.102" level="INFO">xpath criteria: //android.widget.ImageButton[@content-desc="Open navigation drawer"]</msg>
<status status="PASS" starttime="20250310 16:56:31.924" endtime="20250310 16:56:33.103"/>
</kw>
<kw name="Click Element" library="AppiumLibrary">
<arg>${hamburger}</arg>
<doc>Click element identified by `locator`.</doc>
<msg timestamp="20250310 16:56:33.104" level="INFO">Clicking element 'xpath=//android.widget.ImageButton[@content-desc="Open navigation drawer"]'.</msg>
<msg timestamp="20250310 16:56:33.224" level="INFO">xpath criteria: //android.widget.ImageButton[@content-desc="Open navigation drawer"]</msg>
<status status="PASS" starttime="20250310 16:56:33.103" endtime="20250310 16:56:33.224"/>
</kw>
<kw name="Set Variable" library="BuiltIn">
<var>${menu_item}</var>
<arg>xpath=//*[@resource-id="com.qaxperience.yodapp:id/navView"]//*[@text="${item_text}"]</arg>
<doc>Returns the given values which can then be assigned to a variables.</doc>
<msg timestamp="20250310 16:56:33.224" level="INFO">${menu_item} = xpath=//*[@resource-id="com.qaxperience.yodapp:id/navView"]//*[@text="Formulários"]</msg>
<status status="PASS" starttime="20250310 16:56:33.224" endtime="20250310 16:56:33.224"/>
</kw>
<kw name="Wait Until Element Is Visible" library="AppiumLibrary">
<arg>${menu_item}</arg>
<doc>Waits until element specified with `locator` is visible.</doc>
<msg timestamp="20250310 16:56:34.211" level="INFO">xpath criteria: //*[@resource-id="com.qaxperience.yodapp:id/navView"]//*[@text="Formulários"]</msg>
<status status="PASS" starttime="20250310 16:56:33.224" endtime="20250310 16:56:34.211"/>
</kw>
<kw name="Click Element" library="AppiumLibrary">
<arg>${menu_item}</arg>
<doc>Click element identified by `locator`.</doc>
<msg timestamp="20250310 16:56:34.212" level="INFO">Clicking element 'xpath=//*[@resource-id="com.qaxperience.yodapp:id/navView"]//*[@text="Formulários"]'.</msg>
<msg timestamp="20250310 16:56:34.356" level="INFO">xpath criteria: //*[@resource-id="com.qaxperience.yodapp:id/navView"]//*[@text="Formulários"]</msg>
<status status="PASS" starttime="20250310 16:56:34.211" endtime="20250310 16:56:34.356"/>
</kw>
<status status="PASS" starttime="20250310 16:56:31.924" endtime="20250310 16:56:34.356"/>
</kw>
<kw name="Go to item" library="base">
<arg>Login</arg>
<arg>Olá Padawan, vamos testar o login?</arg>
<kw name="Wait Until Page Contains" library="AppiumLibrary">
<arg>${item}</arg>
<arg>5</arg>
<doc>Waits until `text` appears on current page.</doc>
<status status="PASS" starttime="20250310 16:56:34.357" endtime="20250310 16:56:35.266"/>
</kw>
<kw name="Click Text" library="AppiumLibrary">
<arg>${item}</arg>
<doc>Click text identified by ``text``.</doc>
<msg timestamp="20250310 16:56:36.918" level="INFO">xpath criteria: //*[contains(@text,"Login")]</msg>
<status status="PASS" starttime="20250310 16:56:35.266" endtime="20250310 16:56:36.918"/>
</kw>
<kw name="Wait Until Page Contains" library="AppiumLibrary">
<arg>${checkpoint}</arg>
<arg>5</arg>
<doc>Waits until `text` appears on current page.</doc>
<status status="PASS" starttime="20250310 16:56:36.918" endtime="20250310 16:56:36.964"/>
</kw>
<status status="PASS" starttime="20250310 16:56:34.356" endtime="20250310 16:56:36.964"/>
</kw>
<kw name="Input Text" library="AppiumLibrary">
<arg>id=com.qaxperience.yodapp:id/etEmail</arg>
<arg>yoda@qax.com</arg>
<doc>Types the given `text` into text field identified by `locator`.</doc>
<msg timestamp="20250310 16:56:36.966" level="INFO">Typing text 'yoda@qax.com' into text field 'id=com.qaxperience.yodapp:id/etEmail'</msg>
<msg timestamp="20250310 16:56:37.524" level="INFO">criteria is com.qaxperience.yodapp:id/etEmail</msg>
<status status="PASS" starttime="20250310 16:56:36.964" endtime="20250310 16:56:37.524"/>
</kw>
<kw name="Input Text" library="AppiumLibrary">
<arg>id=com.qaxperience.yodapp:id/etPassword</arg>
<arg>jedi</arg>
<doc>Types the given `text` into text field identified by `locator`.</doc>
<msg timestamp="20250310 16:56:37.525" level="INFO">Typing text 'jedi' into text field 'id=com.qaxperience.yodapp:id/etPassword'</msg>
<msg timestamp="20250310 16:56:38.567" level="INFO">criteria is com.qaxperience.yodapp:id/etPassword</msg>
<status status="PASS" starttime="20250310 16:56:37.524" endtime="20250310 16:56:38.567"/>
</kw>
<kw name="Click Element" library="AppiumLibrary">
<arg>id=com.qaxperience.yodapp:id/btnSubmit</arg>
<doc>Click element identified by `locator`.</doc>
<msg timestamp="20250310 16:56:38.568" level="INFO">Clicking element 'id=com.qaxperience.yodapp:id/btnSubmit'.</msg>
<msg timestamp="20250310 16:56:39.629" level="INFO">criteria is com.qaxperience.yodapp:id/btnSubmit</msg>
<status status="PASS" starttime="20250310 16:56:38.567" endtime="20250310 16:56:39.629"/>
</kw>
<kw name="Wait Until Page Contains" library="AppiumLibrary">
<arg>Boas vindas, logado você está.</arg>
<doc>Waits until `text` appears on current page.</doc>
<status status="PASS" starttime="20250310 16:56:39.631" endtime="20250310 16:56:39.662"/>
</kw>
<kw name="Sleep" library="BuiltIn">
<arg>3</arg>
<doc>Pauses the test executed for the given time.</doc>
<msg timestamp="20250310 16:56:42.663" level="INFO">Slept 3 seconds</msg>
<status status="PASS" starttime="20250310 16:56:39.663" endtime="20250310 16:56:42.663"/>
</kw>
<status status="PASS" starttime="20250310 16:56:18.723" endtime="20250310 16:56:42.664"/>
</test>
<test id="s1-s4-t2" name="Não deve logar com senha incorreta" line="21">
<kw name="Start session" library="base">
<kw name="Open Application" library="AppiumLibrary">
<arg>http://localhost:4723</arg>
<arg>platformName=Android</arg>
<arg>deviceName=Android Emulator</arg>
<arg>automationName=UIAutomator2</arg>
<arg>app=${EXECDIR}/app/yodapp-beta.apk</arg>
<arg>udid=emulator-5554</arg>
<arg>autoGrantPermissions=true</arg>
<doc>Opens a new application to given Appium server.
Capabilities of appium server, Android and iOS,
Please check https://appium.io/docs/en/2.1/cli/args/
| *Option*            | *Man.* | *Description*     |
| remote_url          | Yes    | Appium server url |
| alias               | no     | alias             |
| strict_ssl          | No     | allows you to send commands to an invalid certificate host like a self-signed one. |</doc>
<status status="PASS" starttime="20250310 16:56:42.665" endtime="20250310 16:56:52.168"/>
</kw>
<status status="PASS" starttime="20250310 16:56:42.665" endtime="20250310 16:56:52.168"/>
</kw>
<kw name="Get started" library="base">
<kw name="Wait Until Page Contains" library="AppiumLibrary">
<arg>${START}</arg>
<arg>5</arg>
<doc>Waits until `text` appears on current page.</doc>
<status status="PASS" starttime="20250310 16:56:52.169" endtime="20250310 16:56:57.589"/>
</kw>
<kw name="Click Text" library="AppiumLibrary">
<arg>${START}</arg>
<doc>Click text identified by ``text``.</doc>
<msg timestamp="20250310 16:56:59.267" level="INFO">xpath criteria: //*[contains(@text,"QAX")]</msg>
<status status="PASS" starttime="20250310 16:56:57.590" endtime="20250310 16:56:59.267"/>
</kw>
<status status="PASS" starttime="20250310 16:56:52.169" endtime="20250310 16:56:59.267"/>
</kw>
<kw name="Navigate to" library="base">
<arg>Formulários</arg>
<kw name="Set Variable" library="BuiltIn">
<var>${hamburger}</var>
<arg>xpath=//android.widget.ImageButton[@content-desc="Open navigation drawer"]</arg>
<doc>Returns the given values which can then be assigned to a variables.</doc>
<msg timestamp="20250310 16:56:59.268" level="INFO">${hamburger} = xpath=//android.widget.ImageButton[@content-desc="Open navigation drawer"]</msg>
<status status="PASS" starttime="20250310 16:56:59.268" endtime="20250310 16:56:59.268"/>
</kw>
<kw name="Wait Until Element Is Visible" library="AppiumLibrary">
<arg>${hamburger}</arg>
<arg>5</arg>
<doc>Waits until element specified with `locator` is visible.</doc>
<msg timestamp="20250310 16:56:59.346" level="INFO">xpath criteria: //android.widget.ImageButton[@content-desc="Open navigation drawer"]</msg>
<status status="PASS" starttime="20250310 16:56:59.268" endtime="20250310 16:56:59.346"/>
</kw>
<kw name="Click Element" library="AppiumLibrary">
<arg>${hamburger}</arg>
<doc>Click element identified by `locator`.</doc>
<msg timestamp="20250310 16:56:59.347" level="INFO">Clicking element 'xpath=//android.widget.ImageButton[@content-desc="Open navigation drawer"]'.</msg>
<msg timestamp="20250310 16:56:59.457" level="INFO">xpath criteria: //android.widget.ImageButton[@content-desc="Open navigation drawer"]</msg>
<status status="PASS" starttime="20250310 16:56:59.346" endtime="20250310 16:56:59.457"/>
</kw>
<kw name="Set Variable" library="BuiltIn">
<var>${menu_item}</var>
<arg>xpath=//*[@resource-id="com.qaxperience.yodapp:id/navView"]//*[@text="${item_text}"]</arg>
<doc>Returns the given values which can then be assigned to a variables.</doc>
<msg timestamp="20250310 16:56:59.458" level="INFO">${menu_item} = xpath=//*[@resource-id="com.qaxperience.yodapp:id/navView"]//*[@text="Formulários"]</msg>
<status status="PASS" starttime="20250310 16:56:59.457" endtime="20250310 16:56:59.458"/>
</kw>
<kw name="Wait Until Element Is Visible" library="AppiumLibrary">
<arg>${menu_item}</arg>
<doc>Waits until element specified with `locator` is visible.</doc>
<msg timestamp="20250310 16:57:00.370" level="INFO">xpath criteria: //*[@resource-id="com.qaxperience.yodapp:id/navView"]//*[@text="Formulários"]</msg>
<status status="PASS" starttime="20250310 16:56:59.458" endtime="20250310 16:57:00.370"/>
</kw>
<kw name="Click Element" library="AppiumLibrary">
<arg>${menu_item}</arg>
<doc>Click element identified by `locator`.</doc>
<msg timestamp="20250310 16:57:00.371" level="INFO">Clicking element 'xpath=//*[@resource-id="com.qaxperience.yodapp:id/navView"]//*[@text="Formulários"]'.</msg>
<msg timestamp="20250310 16:57:00.523" level="INFO">xpath criteria: //*[@resource-id="com.qaxperience.yodapp:id/navView"]//*[@text="Formulários"]</msg>
<status status="PASS" starttime="20250310 16:57:00.370" endtime="20250310 16:57:00.524"/>
</kw>
<status status="PASS" starttime="20250310 16:56:59.268" endtime="20250310 16:57:00.524"/>
</kw>
<kw name="Go to item" library="base">
<arg>Login</arg>
<arg>Olá Padawan, vamos testar o login?</arg>
<kw name="Wait Until Page Contains" library="AppiumLibrary">
<arg>${item}</arg>
<arg>5</arg>
<doc>Waits until `text` appears on current page.</doc>
<status status="PASS" starttime="20250310 16:57:00.524" endtime="20250310 16:57:00.978"/>
</kw>
<kw name="Click Text" library="AppiumLibrary">
<arg>${item}</arg>
<doc>Click text identified by ``text``.</doc>
<msg timestamp="20250310 16:57:03.201" level="INFO">xpath criteria: //*[contains(@text,"Login")]</msg>
<status status="PASS" starttime="20250310 16:57:00.978" endtime="20250310 16:57:03.201"/>
</kw>
<kw name="Wait Until Page Contains" library="AppiumLibrary">
<arg>${checkpoint}</arg>
<arg>5</arg>
<doc>Waits until `text` appears on current page.</doc>
<status status="PASS" starttime="20250310 16:57:03.201" endtime="20250310 16:57:03.239"/>
</kw>
<status status="PASS" starttime="20250310 16:57:00.524" endtime="20250310 16:57:03.239"/>
</kw>
<kw name="Input Text" library="AppiumLibrary">
<arg>id=com.qaxperience.yodapp:id/etEmail</arg>
<arg>yoda@qax.com</arg>
<doc>Types the given `text` into text field identified by `locator`.</doc>
<msg timestamp="20250310 16:57:03.240" level="INFO">Typing text 'yoda@qax.com' into text field 'id=com.qaxperience.yodapp:id/etEmail'</msg>
<msg timestamp="20250310 16:57:03.797" level="INFO">criteria is com.qaxperience.yodapp:id/etEmail</msg>
<status status="PASS" starttime="20250310 16:57:03.239" endtime="20250310 16:57:03.797"/>
</kw>
<kw name="Input Text" library="AppiumLibrary">
<arg>id=com.qaxperience.yodapp:id/etPassword</arg>
<arg>weber</arg>
<doc>Types the given `text` into text field identified by `locator`.</doc>
<msg timestamp="20250310 16:57:03.798" level="INFO">Typing text 'weber' into text field 'id=com.qaxperience.yodapp:id/etPassword'</msg>
<msg timestamp="20250310 16:57:04.818" level="INFO">criteria is com.qaxperience.yodapp:id/etPassword</msg>
<status status="PASS" starttime="20250310 16:57:03.797" endtime="20250310 16:57:04.818"/>
</kw>
<kw name="Click Element" library="AppiumLibrary">
<arg>id=com.qaxperience.yodapp:id/btnSubmit</arg>
<doc>Click element identified by `locator`.</doc>
<msg timestamp="20250310 16:57:04.820" level="INFO">Clicking element 'id=com.qaxperience.yodapp:id/btnSubmit'.</msg>
<msg timestamp="20250310 16:57:05.911" level="INFO">criteria is com.qaxperience.yodapp:id/btnSubmit</msg>
<status status="PASS" starttime="20250310 16:57:04.819" endtime="20250310 16:57:05.912"/>
</kw>
<kw name="Wait Until Page Contains" library="AppiumLibrary">
<arg>Oops! Credenciais incorretas.</arg>
<doc>Waits until `text` appears on current page.</doc>
<status status="PASS" starttime="20250310 16:57:05.912" endtime="20250310 16:57:05.949"/>
</kw>
<kw name="Sleep" library="BuiltIn">
<arg>3</arg>
<doc>Pauses the test executed for the given time.</doc>
<msg timestamp="20250310 16:57:08.950" level="INFO">Slept 3 seconds</msg>
<status status="PASS" starttime="20250310 16:57:05.950" endtime="20250310 16:57:08.950"/>
</kw>
<kw name="Close session" library="base">
<kw name="Close Application" library="AppiumLibrary">
<doc>Closes the current application and also close webdriver session.</doc>
<status status="PASS" starttime="20250310 16:57:08.952" endtime="20250310 16:57:09.279"/>
</kw>
<status status="PASS" starttime="20250310 16:57:08.951" endtime="20250310 16:57:09.279"/>
</kw>
<status status="PASS" starttime="20250310 16:56:42.665" endtime="20250310 16:57:09.280"/>
</test>
<status status="PASS" starttime="20250310 16:56:18.721" endtime="20250310 16:57:09.281"/>
</suite>
<suite id="s1-s5" name="Radio" source="C:\Users\weber\OneDrive\Área de Trabalho\QAx\projects\yodapp-robot\tests\radio.robot">
<test id="s1-s5-t1" name="Deve selecionar sua linguagem de programação favorita" line="6">
<kw name="Start session" library="base">
<kw name="Open Application" library="AppiumLibrary">
<arg>http://localhost:4723</arg>
<arg>platformName=Android</arg>
<arg>deviceName=Android Emulator</arg>
<arg>automationName=UIAutomator2</arg>
<arg>app=${EXECDIR}/app/yodapp-beta.apk</arg>
<arg>udid=emulator-5554</arg>
<arg>autoGrantPermissions=true</arg>
<doc>Opens a new application to given Appium server.
Capabilities of appium server, Android and iOS,
Please check https://appium.io/docs/en/2.1/cli/args/
| *Option*            | *Man.* | *Description*     |
| remote_url          | Yes    | Appium server url |
| alias               | no     | alias             |
| strict_ssl          | No     | allows you to send commands to an invalid certificate host like a self-signed one. |</doc>
<status status="PASS" starttime="20250310 16:57:09.284" endtime="20250310 16:57:17.725"/>
</kw>
<status status="PASS" starttime="20250310 16:57:09.284" endtime="20250310 16:57:17.725"/>
</kw>
<kw name="Get started" library="base">
<kw name="Wait Until Page Contains" library="AppiumLibrary">
<arg>${START}</arg>
<arg>5</arg>
<doc>Waits until `text` appears on current page.</doc>
<status status="PASS" starttime="20250310 16:57:17.726" endtime="20250310 16:57:23.053"/>
</kw>
<kw name="Click Text" library="AppiumLibrary">
<arg>${START}</arg>
<doc>Click text identified by ``text``.</doc>
<msg timestamp="20250310 16:57:23.628" level="INFO">xpath criteria: //*[contains(@text,"QAX")]</msg>
<status status="PASS" starttime="20250310 16:57:23.053" endtime="20250310 16:57:23.628"/>
</kw>
<status status="PASS" starttime="20250310 16:57:17.726" endtime="20250310 16:57:23.628"/>
</kw>
<kw name="Navigate to" library="base">
<arg>Check e Radio</arg>
<kw name="Set Variable" library="BuiltIn">
<var>${hamburger}</var>
<arg>xpath=//android.widget.ImageButton[@content-desc="Open navigation drawer"]</arg>
<doc>Returns the given values which can then be assigned to a variables.</doc>
<msg timestamp="20250310 16:57:23.628" level="INFO">${hamburger} = xpath=//android.widget.ImageButton[@content-desc="Open navigation drawer"]</msg>
<status status="PASS" starttime="20250310 16:57:23.628" endtime="20250310 16:57:23.628"/>
</kw>
<kw name="Wait Until Element Is Visible" library="AppiumLibrary">
<arg>${hamburger}</arg>
<arg>5</arg>
<doc>Waits until element specified with `locator` is visible.</doc>
<msg timestamp="20250310 16:57:24.799" level="INFO">xpath criteria: //android.widget.ImageButton[@content-desc="Open navigation drawer"]</msg>
<status status="PASS" starttime="20250310 16:57:23.629" endtime="20250310 16:57:24.800"/>
</kw>
<kw name="Click Element" library="AppiumLibrary">
<arg>${hamburger}</arg>
<doc>Click element identified by `locator`.</doc>
<msg timestamp="20250310 16:57:24.800" level="INFO">Clicking element 'xpath=//android.widget.ImageButton[@content-desc="Open navigation drawer"]'.</msg>
<msg timestamp="20250310 16:57:24.923" level="INFO">xpath criteria: //android.widget.ImageButton[@content-desc="Open navigation drawer"]</msg>
<status status="PASS" starttime="20250310 16:57:24.800" endtime="20250310 16:57:24.923"/>
</kw>
<kw name="Set Variable" library="BuiltIn">
<var>${menu_item}</var>
<arg>xpath=//*[@resource-id="com.qaxperience.yodapp:id/navView"]//*[@text="${item_text}"]</arg>
<doc>Returns the given values which can then be assigned to a variables.</doc>
<msg timestamp="20250310 16:57:24.924" level="INFO">${menu_item} = xpath=//*[@resource-id="com.qaxperience.yodapp:id/navView"]//*[@text="Check e Radio"]</msg>
<status status="PASS" starttime="20250310 16:57:24.923" endtime="20250310 16:57:24.924"/>
</kw>
<kw name="Wait Until Element Is Visible" library="AppiumLibrary">
<arg>${menu_item}</arg>
<doc>Waits until element specified with `locator` is visible.</doc>
<msg timestamp="20250310 16:57:25.837" level="INFO">xpath criteria: //*[@resource-id="com.qaxperience.yodapp:id/navView"]//*[@text="Check e Radio"]</msg>
<status status="PASS" starttime="20250310 16:57:24.924" endtime="20250310 16:57:25.838"/>
</kw>
<kw name="Click Element" library="AppiumLibrary">
<arg>${menu_item}</arg>
<doc>Click element identified by `locator`.</doc>
<msg timestamp="20250310 16:57:25.838" level="INFO">Clicking element 'xpath=//*[@resource-id="com.qaxperience.yodapp:id/navView"]//*[@text="Check e Radio"]'.</msg>
<msg timestamp="20250310 16:57:26.005" level="INFO">xpath criteria: //*[@resource-id="com.qaxperience.yodapp:id/navView"]//*[@text="Check e Radio"]</msg>
<status status="PASS" starttime="20250310 16:57:25.838" endtime="20250310 16:57:26.005"/>
</kw>
<status status="PASS" starttime="20250310 16:57:23.628" endtime="20250310 16:57:26.005"/>
</kw>
<kw name="Go to item" library="base">
<arg>Botões de radio</arg>
<arg>Escolha sua linguagem preferida</arg>
<kw name="Wait Until Page Contains" library="AppiumLibrary">
<arg>${item}</arg>
<arg>5</arg>
<doc>Waits until `text` appears on current page.</doc>
<status status="PASS" starttime="20250310 16:57:26.006" endtime="20250310 16:57:26.920"/>
</kw>
<kw name="Click Text" library="AppiumLibrary">
<arg>${item}</arg>
<doc>Click text identified by ``text``.</doc>
<msg timestamp="20250310 16:57:28.453" level="INFO">xpath criteria: //*[contains(@text,"Botões de radio")]</msg>
<status status="PASS" starttime="20250310 16:57:26.920" endtime="20250310 16:57:28.453"/>
</kw>
<kw name="Wait Until Page Contains" library="AppiumLibrary">
<arg>${checkpoint}</arg>
<arg>5</arg>
<doc>Waits until `text` appears on current page.</doc>
<status status="PASS" starttime="20250310 16:57:28.453" endtime="20250310 16:57:28.491"/>
</kw>
<status status="PASS" starttime="20250310 16:57:26.006" endtime="20250310 16:57:28.491"/>
</kw>
<kw name="Click Element" library="AppiumLibrary">
<arg>xpath=//android.widget.RadioButton[contains(@text, "Javascript")]</arg>
<doc>Click element identified by `locator`.</doc>
<msg timestamp="20250310 16:57:28.493" level="INFO">Clicking element 'xpath=//android.widget.RadioButton[contains(@text, "Javascript")]'.</msg>
<msg timestamp="20250310 16:57:28.625" level="INFO">xpath criteria: //android.widget.RadioButton[contains(@text, "Javascript")]</msg>
<status status="PASS" starttime="20250310 16:57:28.492" endtime="20250310 16:57:28.625"/>
</kw>
<kw name="Sleep" library="BuiltIn">
<arg>2</arg>
<doc>Pauses the test executed for the given time.</doc>
<msg timestamp="20250310 16:57:30.626" level="INFO">Slept 2 seconds</msg>
<status status="PASS" starttime="20250310 16:57:28.626" endtime="20250310 16:57:30.626"/>
</kw>
<kw name="Close session" library="base">
<kw name="Close Application" library="AppiumLibrary">
<doc>Closes the current application and also close webdriver session.</doc>
<status status="PASS" starttime="20250310 16:57:30.627" endtime="20250310 16:57:30.847"/>
</kw>
<status status="PASS" starttime="20250310 16:57:30.627" endtime="20250310 16:57:30.847"/>
</kw>
<status status="PASS" starttime="20250310 16:57:09.284" endtime="20250310 16:57:30.847"/>
</test>
<status status="PASS" starttime="20250310 16:57:09.281" endtime="20250310 16:57:30.848"/>
</suite>
<status status="PASS" starttime="20250310 16:54:49.252" endtime="20250310 16:57:30.849"/>
</suite>
<statistics>
<total>
<stat pass="7" fail="0" skip="0">All Tests</stat>
</total>
<tag>
<stat pass="1" fail="0" skip="0">long</stat>
</tag>
<suite>
<stat pass="7" fail="0" skip="0" id="s1" name="Tests">Tests</stat>
<stat pass="1" fail="0" skip="0" id="s1-s1" name="Checkbox">Tests.Checkbox</stat>
<stat pass="2" fail="0" skip="0" id="s1-s2" name="Click">Tests.Click</stat>
<stat pass="1" fail="0" skip="0" id="s1-s3" name="Home">Tests.Home</stat>
<stat pass="2" fail="0" skip="0" id="s1-s4" name="Login">Tests.Login</stat>
<stat pass="1" fail="0" skip="0" id="s1-s5" name="Radio">Tests.Radio</stat>
</suite>
</statistics>
<errors>
</errors>
</robot>
