<?xml version="1.0" encoding="UTF-8"?>
<robot generator="Robot 6.1.1 (Python 3.13.2 on win32)" generated="20250311 11:00:54.611" rpa="false" schemaversion="4">
<suite id="s1" name="Login" source="C:\Users\weber\OneDrive\Área de Trabalho\QAx\projects\yodapp-robot\tests\login.robot">
<test id="s1-t1" name="Deve Logar com sucesso" line="6">
<kw name="Start session" library="base">
<kw name="Open Application" library="AppiumLibrary">
<arg>http://localhost:4723</arg>
<arg>platformName=Android</arg>
<arg>deviceName=Android Emulator</arg>
<arg>automationName=UIAutomator2</arg>
<arg>app=${EXECDIR}/app/yodapp-beta.apk</arg>
<arg>udid=emulator-5554</arg>
<arg>autoGrantPermissions=true</arg>
<doc>Opens a new application to given Appium server.
Capabilities of appium server, Android and iOS,
Please check https://appium.io/docs/en/2.1/cli/args/
| *Option*            | *Man.* | *Description*     |
| remote_url          | Yes    | Appium server url |
| alias               | no     | alias             |
| strict_ssl          | No     | allows you to send commands to an invalid certificate host like a self-signed one. |</doc>
<status status="PASS" starttime="20250311 11:00:54.912" endtime="20250311 11:01:07.158"/>
</kw>
<status status="PASS" starttime="20250311 11:00:54.912" endtime="20250311 11:01:07.158"/>
</kw>
<kw name="Get started" library="base">
<kw name="Wait Until Page Contains" library="AppiumLibrary">
<arg>${START}</arg>
<arg>5</arg>
<doc>Waits until `text` appears on current page.</doc>
<status status="PASS" starttime="20250311 11:01:07.159" endtime="20250311 11:01:12.170"/>
</kw>
<kw name="Click Text" library="AppiumLibrary">
<arg>${START}</arg>
<doc>Click text identified by ``text``.</doc>
<msg timestamp="20250311 11:01:12.751" level="INFO">xpath criteria: //*[contains(@text,"QAX")]</msg>
<status status="PASS" starttime="20250311 11:01:12.170" endtime="20250311 11:01:12.751"/>
</kw>
<status status="PASS" starttime="20250311 11:01:07.159" endtime="20250311 11:01:12.751"/>
</kw>
<kw name="Navigate to" library="base">
<arg>Formulários</arg>
<kw name="Set Variable" library="BuiltIn">
<var>${hamburger}</var>
<arg>xpath=//android.widget.ImageButton[@content-desc="Open navigation drawer"]</arg>
<doc>Returns the given values which can then be assigned to a variables.</doc>
<msg timestamp="20250311 11:01:12.752" level="INFO">${hamburger} = xpath=//android.widget.ImageButton[@content-desc="Open navigation drawer"]</msg>
<status status="PASS" starttime="20250311 11:01:12.752" endtime="20250311 11:01:12.752"/>
</kw>
<kw name="Wait Until Element Is Visible" library="AppiumLibrary">
<arg>${hamburger}</arg>
<arg>5</arg>
<doc>Waits until element specified with `locator` is visible.</doc>
<msg timestamp="20250311 11:01:13.902" level="INFO">xpath criteria: //android.widget.ImageButton[@content-desc="Open navigation drawer"]</msg>
<status status="PASS" starttime="20250311 11:01:12.752" endtime="20250311 11:01:13.903"/>
</kw>
<kw name="Click Element" library="AppiumLibrary">
<arg>${hamburger}</arg>
<doc>Click element identified by `locator`.</doc>
<msg timestamp="20250311 11:01:13.903" level="INFO">Clicking element 'xpath=//android.widget.ImageButton[@content-desc="Open navigation drawer"]'.</msg>
<msg timestamp="20250311 11:01:14.015" level="INFO">xpath criteria: //android.widget.ImageButton[@content-desc="Open navigation drawer"]</msg>
<status status="PASS" starttime="20250311 11:01:13.903" endtime="20250311 11:01:14.015"/>
</kw>
<kw name="Set Variable" library="BuiltIn">
<var>${menu_item}</var>
<arg>xpath=//*[@resource-id="com.qaxperience.yodapp:id/navView"]//*[@text="${item_text}"]</arg>
<doc>Returns the given values which can then be assigned to a variables.</doc>
<msg timestamp="20250311 11:01:14.015" level="INFO">${menu_item} = xpath=//*[@resource-id="com.qaxperience.yodapp:id/navView"]//*[@text="Formulários"]</msg>
<status status="PASS" starttime="20250311 11:01:14.015" endtime="20250311 11:01:14.016"/>
</kw>
<kw name="Wait Until Element Is Visible" library="AppiumLibrary">
<arg>${menu_item}</arg>
<doc>Waits until element specified with `locator` is visible.</doc>
<msg timestamp="20250311 11:01:14.925" level="INFO">xpath criteria: //*[@resource-id="com.qaxperience.yodapp:id/navView"]//*[@text="Formulários"]</msg>
<status status="PASS" starttime="20250311 11:01:14.016" endtime="20250311 11:01:14.925"/>
</kw>
<kw name="Click Element" library="AppiumLibrary">
<arg>${menu_item}</arg>
<doc>Click element identified by `locator`.</doc>
<msg timestamp="20250311 11:01:14.926" level="INFO">Clicking element 'xpath=//*[@resource-id="com.qaxperience.yodapp:id/navView"]//*[@text="Formulários"]'.</msg>
<msg timestamp="20250311 11:01:15.975" level="INFO">xpath criteria: //*[@resource-id="com.qaxperience.yodapp:id/navView"]//*[@text="Formulários"]</msg>
<status status="PASS" starttime="20250311 11:01:14.925" endtime="20250311 11:01:15.975"/>
</kw>
<status status="PASS" starttime="20250311 11:01:12.751" endtime="20250311 11:01:15.975"/>
</kw>
<kw name="Go to item" library="base">
<arg>Login</arg>
<arg>Olá Padawan, vamos testar o login?</arg>
<kw name="Wait Until Page Contains" library="AppiumLibrary">
<arg>${item}</arg>
<arg>5</arg>
<doc>Waits until `text` appears on current page.</doc>
<status status="PASS" starttime="20250311 11:01:15.976" endtime="20250311 11:01:16.014"/>
</kw>
<kw name="Click Text" library="AppiumLibrary">
<arg>${item}</arg>
<doc>Click text identified by ``text``.</doc>
<msg timestamp="20250311 11:01:17.642" level="INFO">xpath criteria: //*[contains(@text,"Login")]</msg>
<status status="PASS" starttime="20250311 11:01:16.015" endtime="20250311 11:01:17.642"/>
</kw>
<kw name="Wait Until Page Contains" library="AppiumLibrary">
<arg>${checkpoint}</arg>
<arg>5</arg>
<doc>Waits until `text` appears on current page.</doc>
<status status="PASS" starttime="20250311 11:01:17.642" endtime="20250311 11:01:17.681"/>
</kw>
<status status="PASS" starttime="20250311 11:01:15.975" endtime="20250311 11:01:17.681"/>
</kw>
<kw name="Input Text" library="AppiumLibrary">
<arg>id=com.qaxperience.yodapp:id/etEmail</arg>
<arg>yoda@qax.com</arg>
<doc>Types the given `text` into text field identified by `locator`.</doc>
<msg timestamp="20250311 11:01:17.683" level="INFO">Typing text 'yoda@qax.com' into text field 'id=com.qaxperience.yodapp:id/etEmail'</msg>
<msg timestamp="20250311 11:01:18.240" level="INFO">criteria is com.qaxperience.yodapp:id/etEmail</msg>
<status status="PASS" starttime="20250311 11:01:17.681" endtime="20250311 11:01:18.240"/>
</kw>
<kw name="Input Text" library="AppiumLibrary">
<arg>id=com.qaxperience.yodapp:id/etPassword</arg>
<arg>jedi</arg>
<doc>Types the given `text` into text field identified by `locator`.</doc>
<msg timestamp="20250311 11:01:18.241" level="INFO">Typing text 'jedi' into text field 'id=com.qaxperience.yodapp:id/etPassword'</msg>
<msg timestamp="20250311 11:01:19.259" level="INFO">criteria is com.qaxperience.yodapp:id/etPassword</msg>
<status status="PASS" starttime="20250311 11:01:18.240" endtime="20250311 11:01:19.259"/>
</kw>
<kw name="Click Element" library="AppiumLibrary">
<arg>id=com.qaxperience.yodapp:id/btnSubmit</arg>
<doc>Click element identified by `locator`.</doc>
<msg timestamp="20250311 11:01:19.260" level="INFO">Clicking element 'id=com.qaxperience.yodapp:id/btnSubmit'.</msg>
<msg timestamp="20250311 11:01:20.331" level="INFO">criteria is com.qaxperience.yodapp:id/btnSubmit</msg>
<status status="PASS" starttime="20250311 11:01:19.259" endtime="20250311 11:01:20.331"/>
</kw>
<kw name="Wait Until Page Contains" library="AppiumLibrary">
<arg>Boas vindas, logado você está.</arg>
<doc>Waits until `text` appears on current page.</doc>
<status status="PASS" starttime="20250311 11:01:20.332" endtime="20250311 11:01:20.370"/>
</kw>
<kw name="Sleep" library="BuiltIn">
<arg>3</arg>
<doc>Pauses the test executed for the given time.</doc>
<msg timestamp="20250311 11:01:23.371" level="INFO">Slept 3 seconds</msg>
<status status="PASS" starttime="20250311 11:01:20.370" endtime="20250311 11:01:23.371"/>
</kw>
<status status="PASS" starttime="20250311 11:00:54.911" endtime="20250311 11:01:23.372"/>
</test>
<test id="s1-t2" name="Não deve logar com senha incorreta" line="21">
<kw name="Start session" library="base">
<kw name="Open Application" library="AppiumLibrary">
<arg>http://localhost:4723</arg>
<arg>platformName=Android</arg>
<arg>deviceName=Android Emulator</arg>
<arg>automationName=UIAutomator2</arg>
<arg>app=${EXECDIR}/app/yodapp-beta.apk</arg>
<arg>udid=emulator-5554</arg>
<arg>autoGrantPermissions=true</arg>
<doc>Opens a new application to given Appium server.
Capabilities of appium server, Android and iOS,
Please check https://appium.io/docs/en/2.1/cli/args/
| *Option*            | *Man.* | *Description*     |
| remote_url          | Yes    | Appium server url |
| alias               | no     | alias             |
| strict_ssl          | No     | allows you to send commands to an invalid certificate host like a self-signed one. |</doc>
<status status="PASS" starttime="20250311 11:01:23.373" endtime="20250311 11:01:33.050"/>
</kw>
<status status="PASS" starttime="20250311 11:01:23.373" endtime="20250311 11:01:33.050"/>
</kw>
<kw name="Get started" library="base">
<kw name="Wait Until Page Contains" library="AppiumLibrary">
<arg>${START}</arg>
<arg>5</arg>
<doc>Waits until `text` appears on current page.</doc>
<status status="PASS" starttime="20250311 11:01:33.051" endtime="20250311 11:01:38.373"/>
</kw>
<kw name="Click Text" library="AppiumLibrary">
<arg>${START}</arg>
<doc>Click text identified by ``text``.</doc>
<msg timestamp="20250311 11:01:40.011" level="INFO">xpath criteria: //*[contains(@text,"QAX")]</msg>
<status status="PASS" starttime="20250311 11:01:38.373" endtime="20250311 11:01:40.011"/>
</kw>
<status status="PASS" starttime="20250311 11:01:33.051" endtime="20250311 11:01:40.011"/>
</kw>
<kw name="Navigate to" library="base">
<arg>Formulários</arg>
<kw name="Set Variable" library="BuiltIn">
<var>${hamburger}</var>
<arg>xpath=//android.widget.ImageButton[@content-desc="Open navigation drawer"]</arg>
<doc>Returns the given values which can then be assigned to a variables.</doc>
<msg timestamp="20250311 11:01:40.012" level="INFO">${hamburger} = xpath=//android.widget.ImageButton[@content-desc="Open navigation drawer"]</msg>
<status status="PASS" starttime="20250311 11:01:40.012" endtime="20250311 11:01:40.012"/>
</kw>
<kw name="Wait Until Element Is Visible" library="AppiumLibrary">
<arg>${hamburger}</arg>
<arg>5</arg>
<doc>Waits until element specified with `locator` is visible.</doc>
<msg timestamp="20250311 11:01:40.080" level="INFO">xpath criteria: //android.widget.ImageButton[@content-desc="Open navigation drawer"]</msg>
<status status="PASS" starttime="20250311 11:01:40.012" endtime="20250311 11:01:40.080"/>
</kw>
<kw name="Click Element" library="AppiumLibrary">
<arg>${hamburger}</arg>
<doc>Click element identified by `locator`.</doc>
<msg timestamp="20250311 11:01:40.081" level="INFO">Clicking element 'xpath=//android.widget.ImageButton[@content-desc="Open navigation drawer"]'.</msg>
<msg timestamp="20250311 11:01:40.201" level="INFO">xpath criteria: //android.widget.ImageButton[@content-desc="Open navigation drawer"]</msg>
<status status="PASS" starttime="20250311 11:01:40.080" endtime="20250311 11:01:40.201"/>
</kw>
<kw name="Set Variable" library="BuiltIn">
<var>${menu_item}</var>
<arg>xpath=//*[@resource-id="com.qaxperience.yodapp:id/navView"]//*[@text="${item_text}"]</arg>
<doc>Returns the given values which can then be assigned to a variables.</doc>
<msg timestamp="20250311 11:01:40.201" level="INFO">${menu_item} = xpath=//*[@resource-id="com.qaxperience.yodapp:id/navView"]//*[@text="Formulários"]</msg>
<status status="PASS" starttime="20250311 11:01:40.201" endtime="20250311 11:01:40.201"/>
</kw>
<kw name="Wait Until Element Is Visible" library="AppiumLibrary">
<arg>${menu_item}</arg>
<doc>Waits until element specified with `locator` is visible.</doc>
<msg timestamp="20250311 11:01:41.108" level="INFO">xpath criteria: //*[@resource-id="com.qaxperience.yodapp:id/navView"]//*[@text="Formulários"]</msg>
<status status="PASS" starttime="20250311 11:01:40.201" endtime="20250311 11:01:41.108"/>
</kw>
<kw name="Click Element" library="AppiumLibrary">
<arg>${menu_item}</arg>
<doc>Click element identified by `locator`.</doc>
<msg timestamp="20250311 11:01:41.109" level="INFO">Clicking element 'xpath=//*[@resource-id="com.qaxperience.yodapp:id/navView"]//*[@text="Formulários"]'.</msg>
<msg timestamp="20250311 11:01:41.265" level="INFO">xpath criteria: //*[@resource-id="com.qaxperience.yodapp:id/navView"]//*[@text="Formulários"]</msg>
<status status="PASS" starttime="20250311 11:01:41.109" endtime="20250311 11:01:41.265"/>
</kw>
<status status="PASS" starttime="20250311 11:01:40.011" endtime="20250311 11:01:41.265"/>
</kw>
<kw name="Go to item" library="base">
<arg>Login</arg>
<arg>Olá Padawan, vamos testar o login?</arg>
<kw name="Wait Until Page Contains" library="AppiumLibrary">
<arg>${item}</arg>
<arg>5</arg>
<doc>Waits until `text` appears on current page.</doc>
<status status="PASS" starttime="20250311 11:01:41.266" endtime="20250311 11:01:42.179"/>
</kw>
<kw name="Click Text" library="AppiumLibrary">
<arg>${item}</arg>
<doc>Click text identified by ``text``.</doc>
<msg timestamp="20250311 11:01:43.759" level="INFO">xpath criteria: //*[contains(@text,"Login")]</msg>
<status status="PASS" starttime="20250311 11:01:42.179" endtime="20250311 11:01:43.759"/>
</kw>
<kw name="Wait Until Page Contains" library="AppiumLibrary">
<arg>${checkpoint}</arg>
<arg>5</arg>
<doc>Waits until `text` appears on current page.</doc>
<status status="PASS" starttime="20250311 11:01:43.759" endtime="20250311 11:01:43.797"/>
</kw>
<status status="PASS" starttime="20250311 11:01:41.265" endtime="20250311 11:01:43.797"/>
</kw>
<kw name="Input Text" library="AppiumLibrary">
<arg>id=com.qaxperience.yodapp:id/etEmail</arg>
<arg>yoda@qax.com</arg>
<doc>Types the given `text` into text field identified by `locator`.</doc>
<msg timestamp="20250311 11:01:43.799" level="INFO">Typing text 'yoda@qax.com' into text field 'id=com.qaxperience.yodapp:id/etEmail'</msg>
<msg timestamp="20250311 11:01:44.359" level="INFO">criteria is com.qaxperience.yodapp:id/etEmail</msg>
<status status="PASS" starttime="20250311 11:01:43.798" endtime="20250311 11:01:44.359"/>
</kw>
<kw name="Input Text" library="AppiumLibrary">
<arg>id=com.qaxperience.yodapp:id/etPassword</arg>
<arg>weber</arg>
<doc>Types the given `text` into text field identified by `locator`.</doc>
<msg timestamp="20250311 11:01:44.361" level="INFO">Typing text 'weber' into text field 'id=com.qaxperience.yodapp:id/etPassword'</msg>
<msg timestamp="20250311 11:01:45.379" level="INFO">criteria is com.qaxperience.yodapp:id/etPassword</msg>
<status status="PASS" starttime="20250311 11:01:44.360" endtime="20250311 11:01:45.379"/>
</kw>
<kw name="Click Element" library="AppiumLibrary">
<arg>id=com.qaxperience.yodapp:id/btnSubmit</arg>
<doc>Click element identified by `locator`.</doc>
<msg timestamp="20250311 11:01:45.381" level="INFO">Clicking element 'id=com.qaxperience.yodapp:id/btnSubmit'.</msg>
<msg timestamp="20250311 11:01:46.456" level="INFO">criteria is com.qaxperience.yodapp:id/btnSubmit</msg>
<status status="PASS" starttime="20250311 11:01:45.380" endtime="20250311 11:01:46.456"/>
</kw>
<kw name="Wait Until Page Contains" library="AppiumLibrary">
<arg>Oops! Credenciais incorretas.</arg>
<doc>Waits until `text` appears on current page.</doc>
<status status="PASS" starttime="20250311 11:01:46.456" endtime="20250311 11:01:46.488"/>
</kw>
<kw name="Sleep" library="BuiltIn">
<arg>3</arg>
<doc>Pauses the test executed for the given time.</doc>
<msg timestamp="20250311 11:01:49.489" level="INFO">Slept 3 seconds</msg>
<status status="PASS" starttime="20250311 11:01:46.488" endtime="20250311 11:01:49.489"/>
</kw>
<kw name="Close session" library="base">
<kw name="Close Application" library="AppiumLibrary">
<doc>Closes the current application and also close webdriver session.</doc>
<status status="PASS" starttime="20250311 11:01:49.490" endtime="20250311 11:01:49.847"/>
</kw>
<status status="PASS" starttime="20250311 11:01:49.490" endtime="20250311 11:01:49.847"/>
</kw>
<status status="PASS" starttime="20250311 11:01:23.372" endtime="20250311 11:01:49.848"/>
</test>
<status status="PASS" starttime="20250311 11:00:54.613" endtime="20250311 11:01:49.848"/>
</suite>
<statistics>
<total>
<stat pass="2" fail="0" skip="0">All Tests</stat>
</total>
<tag>
</tag>
<suite>
<stat pass="2" fail="0" skip="0" id="s1" name="Login">Login</stat>
</suite>
</statistics>
<errors>
</errors>
</robot>
