<?xml version="1.0" encoding="UTF-8"?>
<robot generator="Robot 6.1.1 (Python 3.13.2 on win32)" generated="20250310 16:02:32.886" rpa="false" schemaversion="4">
<suite id="s1" name="Checkbox" source="C:\Users\weber\OneDrive\Área de Trabalho\QAx\projects\yodapp-robot\tests\checkbox.robot">
<test id="s1-t1" name="Deve marcar as techs que usam Appium" line="6">
<kw name="Start session" library="base">
<kw name="Open Application" library="AppiumLibrary">
<arg>http://localhost:4723</arg>
<arg>platformName=Android</arg>
<arg>deviceName=Android Emulator</arg>
<arg>automationName=UIAutomator2</arg>
<arg>app=${EXECDIR}/app/yodapp-beta.apk</arg>
<arg>udid=emulator-5554</arg>
<arg>autoGrantPermissions=true</arg>
<doc>Opens a new application to given Appium server.
Capabilities of appium server, Android and iOS,
Please check https://appium.io/docs/en/2.1/cli/args/
| *Option*            | *Man.* | *Description*     |
| remote_url          | Yes    | Appium server url |
| alias               | no     | alias             |
| strict_ssl          | No     | allows you to send commands to an invalid certificate host like a self-signed one. |</doc>
<status status="PASS" starttime="20250310 16:02:33.075" endtime="20250310 16:02:41.371"/>
</kw>
<status status="PASS" starttime="20250310 16:02:33.074" endtime="20250310 16:02:41.372"/>
</kw>
<kw name="Get started" library="base">
<kw name="Wait Until Page Contains" library="AppiumLibrary">
<arg>${START}</arg>
<arg>5</arg>
<doc>Waits until `text` appears on current page.</doc>
<status status="PASS" starttime="20250310 16:02:41.372" endtime="20250310 16:02:46.688"/>
</kw>
<kw name="Click Text" library="AppiumLibrary">
<arg>${START}</arg>
<doc>Click text identified by ``text``.</doc>
<msg timestamp="20250310 16:02:47.237" level="INFO">xpath criteria: //*[contains(@text,"QAX")]</msg>
<status status="PASS" starttime="20250310 16:02:46.688" endtime="20250310 16:02:47.237"/>
</kw>
<status status="PASS" starttime="20250310 16:02:41.372" endtime="20250310 16:02:47.237"/>
</kw>
<kw name="Navigate to" library="base">
<arg>Check e Radio</arg>
<kw name="Set Variable" library="BuiltIn">
<var>${hamburger}</var>
<arg>xpath=//android.widget.ImageButton[@content-desc="Open navigation drawer"]</arg>
<doc>Returns the given values which can then be assigned to a variables.</doc>
<msg timestamp="20250310 16:02:47.238" level="INFO">${hamburger} = xpath=//android.widget.ImageButton[@content-desc="Open navigation drawer"]</msg>
<status status="PASS" starttime="20250310 16:02:47.237" endtime="20250310 16:02:47.238"/>
</kw>
<kw name="Wait Until Element Is Visible" library="AppiumLibrary">
<arg>${hamburger}</arg>
<arg>5</arg>
<doc>Waits until element specified with `locator` is visible.</doc>
<msg timestamp="20250310 16:02:48.395" level="INFO">xpath criteria: //android.widget.ImageButton[@content-desc="Open navigation drawer"]</msg>
<status status="PASS" starttime="20250310 16:02:47.238" endtime="20250310 16:02:48.395"/>
</kw>
<kw name="Click Element" library="AppiumLibrary">
<arg>${hamburger}</arg>
<doc>Click element identified by `locator`.</doc>
<msg timestamp="20250310 16:02:48.396" level="INFO">Clicking element 'xpath=//android.widget.ImageButton[@content-desc="Open navigation drawer"]'.</msg>
<msg timestamp="20250310 16:02:48.504" level="INFO">xpath criteria: //android.widget.ImageButton[@content-desc="Open navigation drawer"]</msg>
<status status="PASS" starttime="20250310 16:02:48.395" endtime="20250310 16:02:48.504"/>
</kw>
<kw name="Set Variable" library="BuiltIn">
<var>${menu_item}</var>
<arg>xpath=//*[@resource-id="com.qaxperience.yodapp:id/navView"]//*[@text="${item_text}"]</arg>
<doc>Returns the given values which can then be assigned to a variables.</doc>
<msg timestamp="20250310 16:02:48.505" level="INFO">${menu_item} = xpath=//*[@resource-id="com.qaxperience.yodapp:id/navView"]//*[@text="Check e Radio"]</msg>
<status status="PASS" starttime="20250310 16:02:48.505" endtime="20250310 16:02:48.505"/>
</kw>
<kw name="Wait Until Element Is Visible" library="AppiumLibrary">
<arg>${menu_item}</arg>
<doc>Waits until element specified with `locator` is visible.</doc>
<msg timestamp="20250310 16:02:49.416" level="INFO">xpath criteria: //*[@resource-id="com.qaxperience.yodapp:id/navView"]//*[@text="Check e Radio"]</msg>
<status status="PASS" starttime="20250310 16:02:48.505" endtime="20250310 16:02:49.416"/>
</kw>
<kw name="Click Element" library="AppiumLibrary">
<arg>${menu_item}</arg>
<doc>Click element identified by `locator`.</doc>
<msg timestamp="20250310 16:02:49.418" level="INFO">Clicking element 'xpath=//*[@resource-id="com.qaxperience.yodapp:id/navView"]//*[@text="Check e Radio"]'.</msg>
<msg timestamp="20250310 16:02:50.464" level="INFO">xpath criteria: //*[@resource-id="com.qaxperience.yodapp:id/navView"]//*[@text="Check e Radio"]</msg>
<status status="PASS" starttime="20250310 16:02:49.416" endtime="20250310 16:02:50.464"/>
</kw>
<status status="PASS" starttime="20250310 16:02:47.237" endtime="20250310 16:02:50.464"/>
</kw>
<kw name="Go to item" library="base">
<arg>Checkbox</arg>
<arg>Marque as techs que usam Appium</arg>
<kw name="Wait Until Page Contains" library="AppiumLibrary">
<arg>${item}</arg>
<arg>5</arg>
<doc>Waits until `text` appears on current page.</doc>
<status status="PASS" starttime="20250310 16:02:50.464" endtime="20250310 16:02:50.492"/>
</kw>
<kw name="Click Text" library="AppiumLibrary">
<arg>${item}</arg>
<doc>Click text identified by ``text``.</doc>
<msg timestamp="20250310 16:02:52.031" level="INFO">xpath criteria: //*[contains(@text,"Checkbox")]</msg>
<status status="PASS" starttime="20250310 16:02:50.492" endtime="20250310 16:02:52.031"/>
</kw>
<kw name="Wait Until Page Contains" library="AppiumLibrary">
<arg>${checkpoint}</arg>
<arg>5</arg>
<doc>Waits until `text` appears on current page.</doc>
<status status="PASS" starttime="20250310 16:02:52.031" endtime="20250310 16:02:52.073"/>
</kw>
<status status="PASS" starttime="20250310 16:02:50.464" endtime="20250310 16:02:52.073"/>
</kw>
<kw name="Click Element" library="AppiumLibrary">
<arg>xpath=//android.widget.CheckBox[contains(@text, "Ruby")]</arg>
<doc>Click element identified by `locator`.</doc>
<msg timestamp="20250310 16:02:52.074" level="INFO">Clicking element 'xpath=//android.widget.CheckBox[contains(@text, "Ruby")]'.</msg>
<msg timestamp="20250310 16:02:52.172" level="INFO">xpath criteria: //android.widget.CheckBox[contains(@text, "Ruby")]</msg>
<status status="PASS" starttime="20250310 16:02:52.073" endtime="20250310 16:02:52.172"/>
</kw>
<kw name="Sleep" library="BuiltIn">
<arg>2</arg>
<doc>Pauses the test executed for the given time.</doc>
<msg timestamp="20250310 16:02:54.173" level="INFO">Slept 2 seconds</msg>
<status status="PASS" starttime="20250310 16:02:52.173" endtime="20250310 16:02:54.173"/>
</kw>
<kw name="Close session" library="base">
<kw name="Close Application" library="AppiumLibrary">
<doc>Closes the current application and also close webdriver session.</doc>
<status status="PASS" starttime="20250310 16:02:54.174" endtime="20250310 16:02:54.420"/>
</kw>
<status status="PASS" starttime="20250310 16:02:54.174" endtime="20250310 16:02:54.420"/>
</kw>
<status status="PASS" starttime="20250310 16:02:33.074" endtime="20250310 16:02:54.421"/>
</test>
<status status="PASS" starttime="20250310 16:02:32.887" endtime="20250310 16:02:54.421"/>
</suite>
<statistics>
<total>
<stat pass="1" fail="0" skip="0">All Tests</stat>
</total>
<tag>
</tag>
<suite>
<stat pass="1" fail="0" skip="0" id="s1" name="Checkbox">Checkbox</stat>
</suite>
</statistics>
<errors>
</errors>
</robot>
