<?xml version="1.0" encoding="UTF-8"?>
<robot generator="Robot 6.1.1 (Python 3.13.2 on win32)" generated="20250227 20:14:56.931" rpa="false" schemaversion="4">
<suite id="s1" name="Click" source="C:\Users\weber\OneDrive\Área de Trabalho\QAx\projects\yodapp-robot\tests\click.robot">
<test id="s1-t1" name="Deve realizar um click simples" line="10">
<kw name="Open Application" library="AppiumLibrary">
<arg>http://localhost:4723</arg>
<arg>platformName=Android</arg>
<arg>deviceName=Android Emulator</arg>
<arg>automationName=UIAutomator2</arg>
<arg>app=${EXECDIR}/app/yodapp-beta.apk</arg>
<arg>udid=emulator-5554</arg>
<arg>autoGrantPermissions=true</arg>
<doc>Opens a new application to given Appium server.
Capabilities of appium server, Android and iOS,
Please check https://appium.io/docs/en/2.1/cli/args/
| *Option*            | *Man.* | *Description*     |
| remote_url          | Yes    | Appium server url |
| alias               | no     | alias             |
| strict_ssl          | No     | allows you to send commands to an invalid certificate host like a self-signed one. |</doc>
<status status="PASS" starttime="20250227 20:14:57.204" endtime="20250227 20:15:10.308"/>
</kw>
<kw name="Wait Until Page Contains" library="AppiumLibrary">
<arg>${START}</arg>
<arg>5</arg>
<doc>Waits until `text` appears on current page.</doc>
<status status="PASS" starttime="20250227 20:15:10.308" endtime="20250227 20:15:15.569"/>
</kw>
<kw name="Click Text" library="AppiumLibrary">
<arg>${START}</arg>
<doc>Click text identified by ``text``.</doc>
<msg timestamp="20250227 20:15:16.223" level="INFO">xpath criteria: //*[contains(@text,"QAX")]</msg>
<status status="PASS" starttime="20250227 20:15:15.569" endtime="20250227 20:15:16.223"/>
</kw>
<kw name="Set Variable" library="BuiltIn">
<var>${hamburger}</var>
<arg>xpath=//android.widget.ImageButton[@content-desc="Open navigation drawer"]</arg>
<doc>Returns the given values which can then be assigned to a variables.</doc>
<msg timestamp="20250227 20:15:16.224" level="INFO">${hamburger} = xpath=//android.widget.ImageButton[@content-desc="Open navigation drawer"]</msg>
<status status="PASS" starttime="20250227 20:15:16.224" endtime="20250227 20:15:16.224"/>
</kw>
<kw name="Wait Until Element Is Visible" library="AppiumLibrary">
<arg>${hamburger}</arg>
<arg>5</arg>
<doc>Waits until element specified with `locator` is visible.</doc>
<msg timestamp="20250227 20:15:17.422" level="INFO">xpath criteria: //android.widget.ImageButton[@content-desc="Open navigation drawer"]
xpath criteria: //android.widget.ImageButton[@content-desc="Open navigation drawer"]</msg>
<status status="PASS" starttime="20250227 20:15:16.224" endtime="20250227 20:15:17.422"/>
</kw>
<kw name="Click Element" library="AppiumLibrary">
<arg>${hamburger}</arg>
<doc>Click element identified by `locator`.</doc>
<msg timestamp="20250227 20:15:17.423" level="INFO">Clicking element 'xpath=//android.widget.ImageButton[@content-desc="Open navigation drawer"]'.</msg>
<msg timestamp="20250227 20:15:17.555" level="INFO">xpath criteria: //android.widget.ImageButton[@content-desc="Open navigation drawer"]</msg>
<status status="PASS" starttime="20250227 20:15:17.422" endtime="20250227 20:15:17.555"/>
</kw>
<kw name="Set Variable" library="BuiltIn">
<var>${menu_item}</var>
<arg>xpath=//*[@resource-id="com.qaxperience.yodapp:id/navView"]//*[@text="Clique em Botões"]</arg>
<doc>Returns the given values which can then be assigned to a variables.</doc>
<msg timestamp="20250227 20:15:17.556" level="INFO">${menu_item} = xpath=//*[@resource-id="com.qaxperience.yodapp:id/navView"]//*[@text="Clique em Botões"]</msg>
<status status="PASS" starttime="20250227 20:15:17.556" endtime="20250227 20:15:17.556"/>
</kw>
<kw name="Wait Until Element Is Visible" library="AppiumLibrary">
<arg>${menu_item}</arg>
<doc>Waits until element specified with `locator` is visible.</doc>
<msg timestamp="20250227 20:15:18.485" level="INFO">xpath criteria: //*[@resource-id="com.qaxperience.yodapp:id/navView"]//*[@text="Clique em Botões"]</msg>
<status status="PASS" starttime="20250227 20:15:17.556" endtime="20250227 20:15:18.485"/>
</kw>
<kw name="Click Element" library="AppiumLibrary">
<arg>${menu_item}</arg>
<doc>Click element identified by `locator`.</doc>
<msg timestamp="20250227 20:15:18.486" level="INFO">Clicking element 'xpath=//*[@resource-id="com.qaxperience.yodapp:id/navView"]//*[@text="Clique em Botões"]'.</msg>
<msg timestamp="20250227 20:15:18.668" level="INFO">xpath criteria: //*[@resource-id="com.qaxperience.yodapp:id/navView"]//*[@text="Clique em Botões"]</msg>
<status status="PASS" starttime="20250227 20:15:18.485" endtime="20250227 20:15:18.669"/>
</kw>
<kw name="Wait Until Page Contains" library="AppiumLibrary">
<arg>Clique simples</arg>
<arg>5</arg>
<doc>Waits until `text` appears on current page.</doc>
<status status="PASS" starttime="20250227 20:15:18.669" endtime="20250227 20:15:19.591"/>
</kw>
<kw name="Click Text" library="AppiumLibrary">
<arg>Clique simples</arg>
<doc>Click text identified by ``text``.</doc>
<msg timestamp="20250227 20:15:21.168" level="INFO">xpath criteria: //*[contains(@text,"Clique simples")]</msg>
<status status="PASS" starttime="20250227 20:15:19.591" endtime="20250227 20:15:21.168"/>
</kw>
<kw name="Wait Until Page Contains" library="AppiumLibrary">
<arg>Botão clique simples</arg>
<arg>5</arg>
<doc>Waits until `text` appears on current page.</doc>
<status status="PASS" starttime="20250227 20:15:21.168" endtime="20250227 20:15:21.190"/>
</kw>
<kw name="Sleep" library="BuiltIn">
<arg>5</arg>
<doc>Pauses the test executed for the given time.</doc>
<msg timestamp="20250227 20:15:26.191" level="INFO">Slept 5 seconds</msg>
<status status="PASS" starttime="20250227 20:15:21.191" endtime="20250227 20:15:26.191"/>
</kw>
<kw name="Close Application" library="AppiumLibrary">
<doc>Closes the current application and also close webdriver session.</doc>
<status status="PASS" starttime="20250227 20:15:26.192" endtime="20250227 20:15:26.632"/>
</kw>
<status status="PASS" starttime="20250227 20:14:57.203" endtime="20250227 20:15:26.633"/>
</test>
<status status="PASS" starttime="20250227 20:14:56.933" endtime="20250227 20:15:26.633"/>
</suite>
<statistics>
<total>
<stat pass="1" fail="0" skip="0">All Tests</stat>
</total>
<tag>
</tag>
<suite>
<stat pass="1" fail="0" skip="0" id="s1" name="Click">Click</stat>
</suite>
</statistics>
<errors>
</errors>
</robot>
